[ 50%] [32mBuilding CXX object CMakeFiles/obstacle_avoidance.dir/src/obstacle_avoidance.cpp.o[0m
[100%] [32m[1mLinking CXX executable obstacle_avoidance[0m
[100%] Built target obstacle_avoidance
-- Install configuration: ""
-- Installing: /home/magnum/ros2_best/src/Ros2BestPractice/src/object_avoidance/install/object_avoidance/lib/object_avoidance/obstacle_avoidance
-- Set runtime path of "/home/magnum/ros2_best/src/Ros2BestPractice/src/object_avoidance/install/object_avoidance/lib/object_avoidance/obstacle_avoidance" to ""
-- Installing: /home/magnum/ros2_best/src/Ros2BestPractice/src/object_avoidance/install/object_avoidance/share/object_avoidance/launch
-- Installing: /home/magnum/ros2_best/src/Ros2BestPractice/src/object_avoidance/install/object_avoidance/share/ament_index/resource_index/package_run_dependencies/object_avoidance
-- Installing: /home/magnum/ros2_best/src/Ros2BestPractice/src/object_avoidance/install/object_avoidance/share/ament_index/resource_index/parent_prefix_path/object_avoidance
-- Installing: /home/magnum/ros2_best/src/Ros2BestPractice/src/object_avoidance/install/object_avoidance/share/object_avoidance/environment/ament_prefix_path.sh
-- Installing: /home/magnum/ros2_best/src/Ros2BestPractice/src/object_avoidance/install/object_avoidance/share/object_avoidance/environment/ament_prefix_path.dsv
-- Installing: /home/magnum/ros2_best/src/Ros2BestPractice/src/object_avoidance/install/object_avoidance/share/object_avoidance/environment/path.sh
-- Installing: /home/magnum/ros2_best/src/Ros2BestPractice/src/object_avoidance/install/object_avoidance/share/object_avoidance/environment/path.dsv
-- Installing: /home/magnum/ros2_best/src/Ros2BestPractice/src/object_avoidance/install/object_avoidance/share/object_avoidance/local_setup.bash
-- Installing: /home/magnum/ros2_best/src/Ros2BestPractice/src/object_avoidance/install/object_avoidance/share/object_avoidance/local_setup.sh
-- Installing: /home/magnum/ros2_best/src/Ros2BestPractice/src/object_avoidance/install/object_avoidance/share/object_avoidance/local_setup.zsh
-- Installing: /home/magnum/ros2_best/src/Ros2BestPractice/src/object_avoidance/install/object_avoidance/share/object_avoidance/local_setup.dsv
-- Installing: /home/magnum/ros2_best/src/Ros2BestPractice/src/object_avoidance/install/object_avoidance/share/object_avoidance/package.dsv
-- Installing: /home/magnum/ros2_best/src/Ros2BestPractice/src/object_avoidance/install/object_avoidance/share/ament_index/resource_index/packages/object_avoidance
-- Installing: /home/magnum/ros2_best/src/Ros2BestPractice/src/object_avoidance/install/object_avoidance/share/object_avoidance/cmake/object_avoidanceConfig.cmake
-- Installing: /home/magnum/ros2_best/src/Ros2BestPractice/src/object_avoidance/install/object_avoidance/share/object_avoidance/cmake/object_avoidanceConfig-version.cmake
-- Installing: /home/magnum/ros2_best/src/Ros2BestPractice/src/object_avoidance/install/object_avoidance/share/object_avoidance/package.xml
