[0.013s] Invoking command in '/home/magnum/ros2_best/src/Ros2BestPractice/src/object_avoidance/build/object_avoidance': CMAKE_PREFIX_PATH=/opt/ros/foxy /usr/bin/cmake --build /home/magnum/ros2_best/src/Ros2BestPractice/src/object_avoidance/build/object_avoidance -- -j8 -l8
[0.023s] -- Found ament_cmake: 0.9.11 (/opt/ros/foxy/share/ament_cmake/cmake)
[0.040s] -- Using PYTHON_EXECUTABLE: /usr/bin/python3
[0.189s] -- Found rclcpp: 2.4.2 (/opt/ros/foxy/share/rclcpp/cmake)
[0.210s] -- Using all available rosidl_typesupport_c: rosidl_typesupport_fastrtps_c;rosidl_typesupport_introspection_c
[0.211s] -- Found rosidl_adapter: 1.3.0 (/opt/ros/foxy/share/rosidl_adapter/cmake)
[0.296s] -- Using all available rosidl_typesupport_cpp: rosidl_typesupport_fastrtps_cpp;rosidl_typesupport_introspection_cpp
[0.323s] -- Found rmw_implementation_cmake: 1.0.3 (/opt/ros/foxy/share/rmw_implementation_cmake/cmake)
[0.323s] -- Using RMW implementation 'rmw_fastrtps_cpp' as default
[0.401s] -- Found geometry_msgs: 2.0.5 (/opt/ros/foxy/share/geometry_msgs/cmake)
[0.419s] -- Found sensor_msgs: 2.0.5 (/opt/ros/foxy/share/sensor_msgs/cmake)
[0.458s] [31mCMake Error at CMakeLists.txt:27 (add_executable):
[0.458s]   add_executable cannot create target "obstacle_avoidancee" because another
[0.458s]   target with the same name already exists.  The existing target is an
[0.458s]   executable created in source directory
[0.458s]   "/home/magnum/ros2_best/src/Ros2BestPractice/src/object_avoidance".  See
[0.458s]   documentation for policy CMP0002 for more details.
[0.458s] 
[0.459s] [0m
[0.459s] -- Found ament_lint_auto: 0.9.7 (/opt/ros/foxy/share/ament_lint_auto/cmake)
[0.502s] -- Added test 'copyright' to check source files copyright and LICENSE
[0.507s] -- Added test 'cppcheck' to perform static code analysis on C / C++ code
[0.507s] -- Configured cppcheck include dirs: 
[0.507s] -- Configured cppcheck exclude dirs and/or files: 
[0.512s] -- Added test 'cpplint' to check C / C++ code against the Google style
[0.512s] -- Configured cpplint exclude dirs and/or files: 
[0.513s] -- Added test 'flake8' to check Python code syntax and style conventions
[0.514s] -- Added test 'lint_cmake' to check CMake code style
[0.515s] -- Added test 'pep257' to check Python code against some of the style conventions in PEP 257
[0.520s] -- Added test 'uncrustify' to check C / C++ code style
[0.520s] -- Configured uncrustify additional arguments: 
[0.521s] -- Added test 'xmllint' to check XML markup files
[0.521s] -- Configuring incomplete, errors occurred!
[0.521s] See also "/home/magnum/ros2_best/src/Ros2BestPractice/src/object_avoidance/build/object_avoidance/CMakeFiles/CMakeOutput.log".
[0.522s] See also "/home/magnum/ros2_best/src/Ros2BestPractice/src/object_avoidance/build/object_avoidance/CMakeFiles/CMakeError.log".
[0.525s] make: *** [Makefile:267: cmake_check_build_system] Error 1
[0.526s] Invoked command in '/home/magnum/ros2_best/src/Ros2BestPractice/src/object_avoidance/build/object_avoidance' returned '2': CMAKE_PREFIX_PATH=/opt/ros/foxy /usr/bin/cmake --build /home/magnum/ros2_best/src/Ros2BestPractice/src/object_avoidance/build/object_avoidance -- -j8 -l8
