[0.015s] Invoking command in '/home/magnum/ros2_best/src/Ros2BestPractice/src/object_avoidance/build/object_avoidance': CMAKE_PREFIX_PATH=/opt/ros/foxy /usr/bin/cmake --build /home/magnum/ros2_best/src/Ros2BestPractice/src/object_avoidance/build/object_avoidance -- -j8 -l8
[0.030s] -- Found ament_cmake: 0.9.11 (/opt/ros/foxy/share/ament_cmake/cmake)
[0.050s] -- Using PYTHON_EXECUTABLE: /usr/bin/python3
[0.235s] -- Found rclcpp: 2.4.2 (/opt/ros/foxy/share/rclcpp/cmake)
[0.263s] -- Using all available rosidl_typesupport_c: rosidl_typesupport_fastrtps_c;rosidl_typesupport_introspection_c
[0.265s] -- Found rosidl_adapter: 1.3.0 (/opt/ros/foxy/share/rosidl_adapter/cmake)
[0.371s] -- Using all available rosidl_typesupport_cpp: rosidl_typesupport_fastrtps_cpp;rosidl_typesupport_introspection_cpp
[0.400s] -- Found rmw_implementation_cmake: 1.0.3 (/opt/ros/foxy/share/rmw_implementation_cmake/cmake)
[0.401s] -- Using RMW implementation 'rmw_fastrtps_cpp' as default
[0.484s] -- Found geometry_msgs: 2.0.5 (/opt/ros/foxy/share/geometry_msgs/cmake)
[0.511s] -- Found sensor_msgs: 2.0.5 (/opt/ros/foxy/share/sensor_msgs/cmake)
[0.556s] -- Found ament_lint_auto: 0.9.7 (/opt/ros/foxy/share/ament_lint_auto/cmake)
[0.600s] -- Added test 'copyright' to check source files copyright and LICENSE
[0.608s] -- Added test 'cppcheck' to perform static code analysis on C / C++ code
[0.608s] -- Configured cppcheck include dirs: /home/magnum/ros2_best/src/Ros2BestPractice/src/object_avoidance/obstacle_avoidancee;/home/magnum/ros2_best/src/Ros2BestPractice/src/object_avoidance/include/obstacle_avoidance.hpp
[0.608s] -- Configured cppcheck exclude dirs and/or files: 
[0.615s] -- Added test 'cpplint' to check C / C++ code against the Google style
[0.615s] -- Configured cpplint exclude dirs and/or files: 
[0.616s] -- Added test 'flake8' to check Python code syntax and style conventions
[0.619s] -- Added test 'lint_cmake' to check CMake code style
[0.620s] -- Added test 'pep257' to check Python code against some of the style conventions in PEP 257
[0.627s] -- Added test 'uncrustify' to check C / C++ code style
[0.627s] -- Configured uncrustify additional arguments: 
[0.628s] -- Added test 'xmllint' to check XML markup files
[0.629s] -- Configuring done
[0.637s] -- Generating done
[0.639s] -- Build files have been written to: /home/magnum/ros2_best/src/Ros2BestPractice/src/object_avoidance/build/object_avoidance
[0.656s] [ 50%] [32mBuilding CXX object CMakeFiles/obstacle_avoidancee.dir/src/obstacle_avoidance.cpp.o[0m
[0.662s] [01m[K/home/magnum/ros2_best/src/Ros2BestPractice/src/object_avoidance/src/obstacle_avoidance.cpp:1:10:[m[K [01;31m[Kfatal error: [m[Kobstacle_avoidance.hpp: No such file or directory
[0.662s]     1 | #include [01;31m[K"obstacle_avoidance.hpp"[m[K
[0.662s]       |          [01;31m[K^~~~~~~~~~~~~~~~~~~~~~~~[m[K
[0.662s] compilation terminated.
[0.663s] make[2]: *** [CMakeFiles/obstacle_avoidancee.dir/build.make:76: CMakeFiles/obstacle_avoidancee.dir/src/obstacle_avoidance.cpp.o] Error 1
[0.663s] make[1]: *** [CMakeFiles/Makefile2:137: CMakeFiles/obstacle_avoidancee.dir/all] Error 2
[0.663s] make: *** [Makefile:146: all] Error 2
[0.664s] Invoked command in '/home/magnum/ros2_best/src/Ros2BestPractice/src/object_avoidance/build/object_avoidance' returned '2': CMAKE_PREFIX_PATH=/opt/ros/foxy /usr/bin/cmake --build /home/magnum/ros2_best/src/Ros2BestPractice/src/object_avoidance/build/object_avoidance -- -j8 -l8
