Performing C SOURCE FILE Test CMAKE_HAVE_LIBC_PTHREAD failed with the following output:
Change Dir: /home/magnum/ros2_best/src/Ros2BestPractice/src/object_avoidance/build/object_avoidance/CMakeFiles/CMakeScratch/TryCompile-274AGY

Run Build Command(s):/usr/bin/make -f Makefile cmTC_4b794/fast && /usr/bin/make  -f CMakeFiles/cmTC_4b794.dir/build.make CMakeFiles/cmTC_4b794.dir/build
make[1]: Entering directory '/home/magnum/ros2_best/src/Ros2BestPractice/src/object_avoidance/build/object_avoidance/CMakeFiles/CMakeScratch/TryCompile-274AGY'
Building C object CMakeFiles/cmTC_4b794.dir/src.c.o
/usr/bin/cc -DCMAKE_HAVE_LIBC_PTHREAD   -o CMakeFiles/cmTC_4b794.dir/src.c.o -c /home/magnum/ros2_best/src/Ros2BestPractice/src/object_avoidance/build/object_avoidance/CMakeFiles/CMakeScratch/TryCompile-274AGY/src.c
Linking C executable cmTC_4b794
/usr/bin/cmake -E cmake_link_script CMakeFiles/cmTC_4b794.dir/link.txt --verbose=1
/usr/bin/cc CMakeFiles/cmTC_4b794.dir/src.c.o -o cmTC_4b794 
/usr/bin/ld: CMakeFiles/cmTC_4b794.dir/src.c.o: in function `main':
src.c:(.text+0x46): undefined reference to `pthread_create'
/usr/bin/ld: src.c:(.text+0x52): undefined reference to `pthread_detach'
/usr/bin/ld: src.c:(.text+0x5e): undefined reference to `pthread_cancel'
/usr/bin/ld: src.c:(.text+0x6f): undefined reference to `pthread_join'
collect2: error: ld returned 1 exit status
make[1]: *** [CMakeFiles/cmTC_4b794.dir/build.make:99: cmTC_4b794] Error 1
make[1]: Leaving directory '/home/magnum/ros2_best/src/Ros2BestPractice/src/object_avoidance/build/object_avoidance/CMakeFiles/CMakeScratch/TryCompile-274AGY'
make: *** [Makefile:127: cmTC_4b794/fast] Error 2


Source file was:
#include <pthread.h>

static void* test_func(void* data)
{
  return data;
}

int main(void)
{
  pthread_t thread;
  pthread_create(&thread, NULL, test_func, NULL);
  pthread_detach(thread);
  pthread_cancel(thread);
  pthread_join(thread, NULL);
  pthread_atfork(NULL, NULL, NULL);
  pthread_exit(NULL);

  return 0;
}


Determining if the function pthread_create exists in the pthreads failed with the following output:
Change Dir: /home/magnum/ros2_best/src/Ros2BestPractice/src/object_avoidance/build/object_avoidance/CMakeFiles/CMakeScratch/TryCompile-WrXfGZ

Run Build Command(s):/usr/bin/make -f Makefile cmTC_85ba4/fast && /usr/bin/make  -f CMakeFiles/cmTC_85ba4.dir/build.make CMakeFiles/cmTC_85ba4.dir/build
make[1]: Entering directory '/home/magnum/ros2_best/src/Ros2BestPractice/src/object_avoidance/build/object_avoidance/CMakeFiles/CMakeScratch/TryCompile-WrXfGZ'
Building C object CMakeFiles/cmTC_85ba4.dir/CheckFunctionExists.c.o
/usr/bin/cc   -DCHECK_FUNCTION_EXISTS=pthread_create -o CMakeFiles/cmTC_85ba4.dir/CheckFunctionExists.c.o -c /home/magnum/ros2_best/src/Ros2BestPractice/src/object_avoidance/build/object_avoidance/CMakeFiles/CMakeScratch/TryCompile-WrXfGZ/CheckFunctionExists.c
Linking C executable cmTC_85ba4
/usr/bin/cmake -E cmake_link_script CMakeFiles/cmTC_85ba4.dir/link.txt --verbose=1
/usr/bin/cc  -DCHECK_FUNCTION_EXISTS=pthread_create CMakeFiles/cmTC_85ba4.dir/CheckFunctionExists.c.o -o cmTC_85ba4  -lpthreads 
/usr/bin/ld: cannot find -lpthreads
collect2: error: ld returned 1 exit status
make[1]: *** [CMakeFiles/cmTC_85ba4.dir/build.make:99: cmTC_85ba4] Error 1
make[1]: Leaving directory '/home/magnum/ros2_best/src/Ros2BestPractice/src/object_avoidance/build/object_avoidance/CMakeFiles/CMakeScratch/TryCompile-WrXfGZ'
make: *** [Makefile:127: cmTC_85ba4/fast] Error 2



