[ 50%] [32mBuilding CXX object CMakeFiles/obstacle_avoidancee.dir/src/obstacle_avoidance.cpp.o[0m
[100%] [32m[1mLinking CXX executable obstacle_avoidancee[0m
[100%] Built target obstacle_avoidancee
-- Install configuration: ""
-- Up-to-date: /home/magnum/ros2_best_practice/src/Ros2BestPractice/src/object_avoidance/install/object_avoidance/lib/object_avoidance/obstacle_avoidancee
-- Up-to-date: /home/magnum/ros2_best_practice/src/Ros2BestPractice/src/object_avoidance/install/object_avoidance/share/object_avoidance/launch
-- Up-to-date: /home/magnum/ros2_best_practice/src/Ros2BestPractice/src/object_avoidance/install/object_avoidance/share/ament_index/resource_index/package_run_dependencies/object_avoidance
-- Up-to-date: /home/magnum/ros2_best_practice/src/Ros2BestPractice/src/object_avoidance/install/object_avoidance/share/ament_index/resource_index/parent_prefix_path/object_avoidance
-- Up-to-date: /home/magnum/ros2_best_practice/src/Ros2BestPractice/src/object_avoidance/install/object_avoidance/share/object_avoidance/environment/ament_prefix_path.sh
-- Up-to-date: /home/magnum/ros2_best_practice/src/Ros2BestPractice/src/object_avoidance/install/object_avoidance/share/object_avoidance/environment/ament_prefix_path.dsv
-- Up-to-date: /home/magnum/ros2_best_practice/src/Ros2BestPractice/src/object_avoidance/install/object_avoidance/share/object_avoidance/environment/path.sh
-- Up-to-date: /home/magnum/ros2_best_practice/src/Ros2BestPractice/src/object_avoidance/install/object_avoidance/share/object_avoidance/environment/path.dsv
-- Up-to-date: /home/magnum/ros2_best_practice/src/Ros2BestPractice/src/object_avoidance/install/object_avoidance/share/object_avoidance/local_setup.bash
-- Up-to-date: /home/magnum/ros2_best_practice/src/Ros2BestPractice/src/object_avoidance/install/object_avoidance/share/object_avoidance/local_setup.sh
-- Up-to-date: /home/magnum/ros2_best_practice/src/Ros2BestPractice/src/object_avoidance/install/object_avoidance/share/object_avoidance/local_setup.zsh
-- Up-to-date: /home/magnum/ros2_best_practice/src/Ros2BestPractice/src/object_avoidance/install/object_avoidance/share/object_avoidance/local_setup.dsv
-- Installing: /home/magnum/ros2_best_practice/src/Ros2BestPractice/src/object_avoidance/install/object_avoidance/share/object_avoidance/package.dsv
-- Up-to-date: /home/magnum/ros2_best_practice/src/Ros2BestPractice/src/object_avoidance/install/object_avoidance/share/ament_index/resource_index/packages/object_avoidance
-- Up-to-date: /home/magnum/ros2_best_practice/src/Ros2BestPractice/src/object_avoidance/install/object_avoidance/share/object_avoidance/cmake/object_avoidanceConfig.cmake
-- Up-to-date: /home/magnum/ros2_best_practice/src/Ros2BestPractice/src/object_avoidance/install/object_avoidance/share/object_avoidance/cmake/object_avoidanceConfig-version.cmake
-- Up-to-date: /home/magnum/ros2_best_practice/src/Ros2BestPractice/src/object_avoidance/install/object_avoidance/share/object_avoidance/package.xml
