[0.014s] Invoking command in '/home/magnum/ros2_best/src/Ros2BestPractice/src/object_avoidance/build/object_avoidance': CMAKE_PREFIX_PATH=/opt/ros/foxy /usr/bin/cmake --build /home/magnum/ros2_best/src/Ros2BestPractice/src/object_avoidance/build/object_avoidance -- -j8 -l8
[0.029s] [0mCMake Error: The current CMakeCache.txt directory /home/magnum/ros2_best/src/Ros2BestPractice/src/object_avoidance/build/object_avoidance/CMakeCache.txt is different than the directory /home/magnum/ros2_best_practice/src/Ros2BestPractice/src/object_avoidance/build/object_avoidance where CMakeCache.txt was created. This may result in binaries being created in the wrong place. If you are not sure, reedit the CMakeCache.txt[0m
[0.062s] [ 50%] [32mBuilding CXX object CMakeFiles/obstacle_avoidancee.dir/src/obstacle_avoidance.cpp.o[0m
[3.543s] [100%] [32m[1mLinking CXX executable obstacle_avoidancee[0m
[3.744s] [100%] Built target obstacle_avoidancee
[3.750s] Invoked command in '/home/magnum/ros2_best/src/Ros2BestPractice/src/object_avoidance/build/object_avoidance' returned '0': CMAKE_PREFIX_PATH=/opt/ros/foxy /usr/bin/cmake --build /home/magnum/ros2_best/src/Ros2BestPractice/src/object_avoidance/build/object_avoidance -- -j8 -l8
[3.766s] Invoking command in '/home/magnum/ros2_best/src/Ros2BestPractice/src/object_avoidance/build/object_avoidance': CMAKE_PREFIX_PATH=/opt/ros/foxy /usr/bin/cmake --install /home/magnum/ros2_best/src/Ros2BestPractice/src/object_avoidance/build/object_avoidance
[3.769s] -- Install configuration: ""
[3.770s] -- Up-to-date: /home/magnum/ros2_best_practice/src/Ros2BestPractice/src/object_avoidance/install/object_avoidance/lib/object_avoidance/obstacle_avoidancee
[3.770s] -- Up-to-date: /home/magnum/ros2_best_practice/src/Ros2BestPractice/src/object_avoidance/install/object_avoidance/share/object_avoidance/launch
[3.770s] -- Up-to-date: /home/magnum/ros2_best_practice/src/Ros2BestPractice/src/object_avoidance/install/object_avoidance/share/ament_index/resource_index/package_run_dependencies/object_avoidance
[3.770s] -- Up-to-date: /home/magnum/ros2_best_practice/src/Ros2BestPractice/src/object_avoidance/install/object_avoidance/share/ament_index/resource_index/parent_prefix_path/object_avoidance
[3.770s] -- Up-to-date: /home/magnum/ros2_best_practice/src/Ros2BestPractice/src/object_avoidance/install/object_avoidance/share/object_avoidance/environment/ament_prefix_path.sh
[3.770s] -- Up-to-date: /home/magnum/ros2_best_practice/src/Ros2BestPractice/src/object_avoidance/install/object_avoidance/share/object_avoidance/environment/ament_prefix_path.dsv
[3.770s] -- Up-to-date: /home/magnum/ros2_best_practice/src/Ros2BestPractice/src/object_avoidance/install/object_avoidance/share/object_avoidance/environment/path.sh
[3.770s] -- Up-to-date: /home/magnum/ros2_best_practice/src/Ros2BestPractice/src/object_avoidance/install/object_avoidance/share/object_avoidance/environment/path.dsv
[3.770s] -- Up-to-date: /home/magnum/ros2_best_practice/src/Ros2BestPractice/src/object_avoidance/install/object_avoidance/share/object_avoidance/local_setup.bash
[3.770s] -- Up-to-date: /home/magnum/ros2_best_practice/src/Ros2BestPractice/src/object_avoidance/install/object_avoidance/share/object_avoidance/local_setup.sh
[3.770s] -- Up-to-date: /home/magnum/ros2_best_practice/src/Ros2BestPractice/src/object_avoidance/install/object_avoidance/share/object_avoidance/local_setup.zsh
[3.770s] -- Up-to-date: /home/magnum/ros2_best_practice/src/Ros2BestPractice/src/object_avoidance/install/object_avoidance/share/object_avoidance/local_setup.dsv
[3.770s] -- Installing: /home/magnum/ros2_best_practice/src/Ros2BestPractice/src/object_avoidance/install/object_avoidance/share/object_avoidance/package.dsv
[3.770s] -- Up-to-date: /home/magnum/ros2_best_practice/src/Ros2BestPractice/src/object_avoidance/install/object_avoidance/share/ament_index/resource_index/packages/object_avoidance
[3.770s] -- Up-to-date: /home/magnum/ros2_best_practice/src/Ros2BestPractice/src/object_avoidance/install/object_avoidance/share/object_avoidance/cmake/object_avoidanceConfig.cmake
[3.770s] -- Up-to-date: /home/magnum/ros2_best_practice/src/Ros2BestPractice/src/object_avoidance/install/object_avoidance/share/object_avoidance/cmake/object_avoidanceConfig-version.cmake
[3.771s] -- Up-to-date: /home/magnum/ros2_best_practice/src/Ros2BestPractice/src/object_avoidance/install/object_avoidance/share/object_avoidance/package.xml
[3.772s] Invoked command in '/home/magnum/ros2_best/src/Ros2BestPractice/src/object_avoidance/build/object_avoidance' returned '0': CMAKE_PREFIX_PATH=/opt/ros/foxy /usr/bin/cmake --install /home/magnum/ros2_best/src/Ros2BestPractice/src/object_avoidance/build/object_avoidance
