[0.104s] DEBUG:colcon:Command line arguments: ['/usr/bin/colcon', 'build']
[0.104s] DEBUG:colcon:Parsed command line arguments: Namespace(allow_overriding=[], ament_cmake_args=None, base_paths=['.'], build_base='build', catkin_cmake_args=None, catkin_skip_building_tests=False, cmake_args=None, cmake_clean_cache=False, cmake_clean_first=False, cmake_force_configure=False, cmake_target=None, cmake_target_skip_unavailable=False, continue_on_error=False, event_handlers=None, executor='parallel', ignore_user_meta=False, install_base='install', log_base=None, log_level=None, main=<bound method BuildVerb.main of <colcon_core.verb.build.BuildVerb object at 0x7fa55b49d7c0>>, merge_install=False, metas=['./colcon.meta'], packages_above=None, packages_above_and_dependencies=None, packages_above_depth=None, packages_end=None, packages_ignore=None, packages_ignore_regex=None, packages_select=None, packages_select_build_failed=False, packages_select_by_dep=None, packages_select_regex=None, packages_select_test_failures=False, packages_skip=None, packages_skip_build_finished=False, packages_skip_by_dep=None, packages_skip_regex=None, packages_skip_test_passed=False, packages_skip_up_to=None, packages_start=None, packages_up_to=None, packages_up_to_regex=None, parallel_workers=8, paths=None, symlink_install=False, test_result_base=None, verb_extension=<colcon_core.verb.build.BuildVerb object at 0x7fa55b49d7c0>, verb_name='build', verb_parser=<colcon_defaults.argument_parser.defaults.DefaultArgumentsDecorator object at 0x7fa55b49dd30>)
[0.119s] Level 1:colcon.colcon_core.package_discovery:discover_packages(colcon_meta) check parameters
[0.120s] Level 1:colcon.colcon_core.package_discovery:discover_packages(recursive) check parameters
[0.120s] Level 1:colcon.colcon_core.package_discovery:discover_packages(ignore) check parameters
[0.120s] Level 1:colcon.colcon_core.package_discovery:discover_packages(path) check parameters
[0.120s] Level 1:colcon.colcon_core.package_discovery:discover_packages(colcon_meta) discover
[0.120s] Level 1:colcon.colcon_core.package_discovery:discover_packages(recursive) discover
[0.120s] INFO:colcon.colcon_core.package_discovery:Crawling recursively for packages in '/home/magnum/ros2_best_practice/src/Ros2BestPractice/src/object_avoidance'
[0.120s] Level 1:colcon.colcon_core.package_identification:_identify(.) by extensions ['ignore', 'ignore_ament_install']
[0.120s] Level 1:colcon.colcon_core.package_identification:_identify(.) by extension 'ignore'
[0.120s] Level 1:colcon.colcon_core.package_identification:_identify(.) by extension 'ignore_ament_install'
[0.120s] Level 1:colcon.colcon_core.package_identification:_identify(.) by extensions ['colcon_pkg']
[0.120s] Level 1:colcon.colcon_core.package_identification:_identify(.) by extension 'colcon_pkg'
[0.120s] Level 1:colcon.colcon_core.package_identification:_identify(.) by extensions ['colcon_meta']
[0.120s] Level 1:colcon.colcon_core.package_identification:_identify(.) by extension 'colcon_meta'
[0.120s] Level 1:colcon.colcon_core.package_identification:_identify(.) by extensions ['ros']
[0.120s] Level 1:colcon.colcon_core.package_identification:_identify(.) by extension 'ros'
[0.136s] DEBUG:colcon.colcon_core.package_identification:Package '.' with type 'ros.ament_cmake' and name 'object_avoidance'
[0.136s] Level 1:colcon.colcon_core.package_discovery:discover_packages(recursive) using defaults
[0.136s] Level 1:colcon.colcon_core.package_discovery:discover_packages(ignore) discover
[0.136s] Level 1:colcon.colcon_core.package_discovery:discover_packages(ignore) using defaults
[0.136s] Level 1:colcon.colcon_core.package_discovery:discover_packages(path) discover
[0.136s] Level 1:colcon.colcon_core.package_discovery:discover_packages(path) using defaults
[0.150s] Level 1:colcon.colcon_core.package_discovery:discover_packages(prefix_path) check parameters
[0.150s] Level 1:colcon.colcon_core.package_discovery:discover_packages(prefix_path) discover
[0.152s] DEBUG:colcon.colcon_installed_package_information.package_discovery:Found 1 installed packages in /home/magnum/ros2_best_practice/install
[0.153s] DEBUG:colcon.colcon_installed_package_information.package_discovery:Found 397 installed packages in /opt/ros/foxy
[0.155s] Level 1:colcon.colcon_core.package_discovery:discover_packages(prefix_path) using defaults
[0.209s] Level 5:colcon.colcon_core.verb:set package 'object_avoidance' build argument 'cmake_args' from command line to 'None'
[0.209s] Level 5:colcon.colcon_core.verb:set package 'object_avoidance' build argument 'cmake_target' from command line to 'None'
[0.209s] Level 5:colcon.colcon_core.verb:set package 'object_avoidance' build argument 'cmake_target_skip_unavailable' from command line to 'False'
[0.209s] Level 5:colcon.colcon_core.verb:set package 'object_avoidance' build argument 'cmake_clean_cache' from command line to 'False'
[0.209s] Level 5:colcon.colcon_core.verb:set package 'object_avoidance' build argument 'cmake_clean_first' from command line to 'False'
[0.209s] Level 5:colcon.colcon_core.verb:set package 'object_avoidance' build argument 'cmake_force_configure' from command line to 'False'
[0.209s] Level 5:colcon.colcon_core.verb:set package 'object_avoidance' build argument 'ament_cmake_args' from command line to 'None'
[0.209s] Level 5:colcon.colcon_core.verb:set package 'object_avoidance' build argument 'catkin_cmake_args' from command line to 'None'
[0.209s] Level 5:colcon.colcon_core.verb:set package 'object_avoidance' build argument 'catkin_skip_building_tests' from command line to 'False'
[0.210s] DEBUG:colcon.colcon_core.verb:Building package 'object_avoidance' with the following arguments: {'ament_cmake_args': None, 'build_base': '/home/magnum/ros2_best_practice/src/Ros2BestPractice/src/object_avoidance/build/object_avoidance', 'catkin_cmake_args': None, 'catkin_skip_building_tests': False, 'cmake_args': None, 'cmake_clean_cache': False, 'cmake_clean_first': False, 'cmake_force_configure': False, 'cmake_target': None, 'cmake_target_skip_unavailable': False, 'install_base': '/home/magnum/ros2_best_practice/src/Ros2BestPractice/src/object_avoidance/install/object_avoidance', 'merge_install': False, 'path': '/home/magnum/ros2_best_practice/src/Ros2BestPractice/src/object_avoidance', 'symlink_install': False, 'test_result_base': None}
[0.210s] INFO:colcon.colcon_core.executor:Executing jobs using 'parallel' executor
[0.215s] DEBUG:colcon.colcon_parallel_executor.executor.parallel:run_until_complete
[0.215s] INFO:colcon.colcon_ros.task.ament_cmake.build:Building ROS package in '/home/magnum/ros2_best_practice/src/Ros2BestPractice/src/object_avoidance' with build type 'ament_cmake'
[0.215s] INFO:colcon.colcon_cmake.task.cmake.build:Building CMake package in '/home/magnum/ros2_best_practice/src/Ros2BestPractice/src/object_avoidance'
[0.221s] INFO:colcon.colcon_core.plugin_system:Skipping extension 'colcon_core.shell.bat': Not used on non-Windows systems
[0.221s] INFO:colcon.colcon_core.shell:Skip shell extension 'powershell' for command environment: Not usable outside of PowerShell
[0.221s] DEBUG:colcon.colcon_core.shell:Skip shell extension 'dsv' for command environment
[0.235s] DEBUG:colcon.colcon_core.event_handler.log_command:Invoking command in '/home/magnum/ros2_best_practice/src/Ros2BestPractice/src/object_avoidance/build/object_avoidance': CMAKE_PREFIX_PATH=${CMAKE_PREFIX_PATH}:/opt/ros/foxy /usr/bin/cmake --build /home/magnum/ros2_best_practice/src/Ros2BestPractice/src/object_avoidance/build/object_avoidance -- -j8 -l8
[0.269s] DEBUG:colcon.colcon_core.event_handler.log_command:Invoked command in '/home/magnum/ros2_best_practice/src/Ros2BestPractice/src/object_avoidance/build/object_avoidance' returned '0': CMAKE_PREFIX_PATH=${CMAKE_PREFIX_PATH}:/opt/ros/foxy /usr/bin/cmake --build /home/magnum/ros2_best_practice/src/Ros2BestPractice/src/object_avoidance/build/object_avoidance -- -j8 -l8
[0.292s] DEBUG:colcon.colcon_core.event_handler.log_command:Invoking command in '/home/magnum/ros2_best_practice/src/Ros2BestPractice/src/object_avoidance/build/object_avoidance': CMAKE_PREFIX_PATH=${CMAKE_PREFIX_PATH}:/opt/ros/foxy /usr/bin/cmake --install /home/magnum/ros2_best_practice/src/Ros2BestPractice/src/object_avoidance/build/object_avoidance
[0.298s] Level 1:colcon.colcon_core.environment:create_environment_scripts_only(object_avoidance)
[0.298s] DEBUG:colcon.colcon_core.event_handler.log_command:Invoked command in '/home/magnum/ros2_best_practice/src/Ros2BestPractice/src/object_avoidance/build/object_avoidance' returned '0': CMAKE_PREFIX_PATH=${CMAKE_PREFIX_PATH}:/opt/ros/foxy /usr/bin/cmake --install /home/magnum/ros2_best_practice/src/Ros2BestPractice/src/object_avoidance/build/object_avoidance
[0.302s] Level 1:colcon.colcon_core.environment:checking '/home/magnum/ros2_best_practice/src/Ros2BestPractice/src/object_avoidance/install/object_avoidance' for CMake module files
[0.302s] Level 1:colcon.colcon_core.environment:checking '/home/magnum/ros2_best_practice/src/Ros2BestPractice/src/object_avoidance/install/object_avoidance' for CMake config files
[0.302s] Level 1:colcon.colcon_core.shell:create_environment_hook('object_avoidance', 'cmake_prefix_path')
[0.304s] INFO:colcon.colcon_core.shell:Creating environment hook '/home/magnum/ros2_best_practice/src/Ros2BestPractice/src/object_avoidance/install/object_avoidance/share/object_avoidance/hook/cmake_prefix_path.ps1'
[0.304s] INFO:colcon.colcon_core.shell:Creating environment descriptor '/home/magnum/ros2_best_practice/src/Ros2BestPractice/src/object_avoidance/install/object_avoidance/share/object_avoidance/hook/cmake_prefix_path.dsv'
[0.304s] INFO:colcon.colcon_core.shell:Creating environment hook '/home/magnum/ros2_best_practice/src/Ros2BestPractice/src/object_avoidance/install/object_avoidance/share/object_avoidance/hook/cmake_prefix_path.sh'
[0.305s] Level 1:colcon.colcon_core.environment:checking '/home/magnum/ros2_best_practice/src/Ros2BestPractice/src/object_avoidance/install/object_avoidance/lib'
[0.305s] Level 1:colcon.colcon_core.environment:checking '/home/magnum/ros2_best_practice/src/Ros2BestPractice/src/object_avoidance/install/object_avoidance/bin'
[0.305s] Level 1:colcon.colcon_core.environment:checking '/home/magnum/ros2_best_practice/src/Ros2BestPractice/src/object_avoidance/install/object_avoidance/lib/pkgconfig/object_avoidance.pc'
[0.306s] Level 1:colcon.colcon_core.environment:checking '/home/magnum/ros2_best_practice/src/Ros2BestPractice/src/object_avoidance/install/object_avoidance/lib/python3.8/site-packages'
[0.306s] Level 1:colcon.colcon_core.environment:checking '/home/magnum/ros2_best_practice/src/Ros2BestPractice/src/object_avoidance/install/object_avoidance/bin'
[0.307s] INFO:colcon.colcon_core.shell:Creating package script '/home/magnum/ros2_best_practice/src/Ros2BestPractice/src/object_avoidance/install/object_avoidance/share/object_avoidance/package.ps1'
[0.307s] INFO:colcon.colcon_core.shell:Creating package descriptor '/home/magnum/ros2_best_practice/src/Ros2BestPractice/src/object_avoidance/install/object_avoidance/share/object_avoidance/package.dsv'
[0.308s] INFO:colcon.colcon_core.shell:Creating package script '/home/magnum/ros2_best_practice/src/Ros2BestPractice/src/object_avoidance/install/object_avoidance/share/object_avoidance/package.sh'
[0.308s] INFO:colcon.colcon_core.shell:Creating package script '/home/magnum/ros2_best_practice/src/Ros2BestPractice/src/object_avoidance/install/object_avoidance/share/object_avoidance/package.bash'
[0.309s] INFO:colcon.colcon_core.shell:Creating package script '/home/magnum/ros2_best_practice/src/Ros2BestPractice/src/object_avoidance/install/object_avoidance/share/object_avoidance/package.zsh'
[0.309s] Level 1:colcon.colcon_core.environment:create_file_with_runtime_dependencies(/home/magnum/ros2_best_practice/src/Ros2BestPractice/src/object_avoidance/install/object_avoidance/share/colcon-core/packages/object_avoidance)
[0.327s] Level 1:colcon.colcon_core.environment:create_environment_scripts_only(object_avoidance)
[0.329s] Level 1:colcon.colcon_core.environment:checking '/home/magnum/ros2_best_practice/src/Ros2BestPractice/src/object_avoidance/install/object_avoidance' for CMake module files
[0.330s] Level 1:colcon.colcon_core.environment:checking '/home/magnum/ros2_best_practice/src/Ros2BestPractice/src/object_avoidance/install/object_avoidance' for CMake config files
[0.330s] Level 1:colcon.colcon_core.shell:create_environment_hook('object_avoidance', 'cmake_prefix_path')
[0.331s] INFO:colcon.colcon_core.shell:Creating environment hook '/home/magnum/ros2_best_practice/src/Ros2BestPractice/src/object_avoidance/install/object_avoidance/share/object_avoidance/hook/cmake_prefix_path.ps1'
[0.331s] INFO:colcon.colcon_core.shell:Creating environment descriptor '/home/magnum/ros2_best_practice/src/Ros2BestPractice/src/object_avoidance/install/object_avoidance/share/object_avoidance/hook/cmake_prefix_path.dsv'
[0.332s] INFO:colcon.colcon_core.shell:Creating environment hook '/home/magnum/ros2_best_practice/src/Ros2BestPractice/src/object_avoidance/install/object_avoidance/share/object_avoidance/hook/cmake_prefix_path.sh'
[0.332s] Level 1:colcon.colcon_core.environment:checking '/home/magnum/ros2_best_practice/src/Ros2BestPractice/src/object_avoidance/install/object_avoidance/lib'
[0.332s] Level 1:colcon.colcon_core.environment:checking '/home/magnum/ros2_best_practice/src/Ros2BestPractice/src/object_avoidance/install/object_avoidance/bin'
[0.332s] Level 1:colcon.colcon_core.environment:checking '/home/magnum/ros2_best_practice/src/Ros2BestPractice/src/object_avoidance/install/object_avoidance/lib/pkgconfig/object_avoidance.pc'
[0.332s] Level 1:colcon.colcon_core.environment:checking '/home/magnum/ros2_best_practice/src/Ros2BestPractice/src/object_avoidance/install/object_avoidance/lib/python3.8/site-packages'
[0.333s] Level 1:colcon.colcon_core.environment:checking '/home/magnum/ros2_best_practice/src/Ros2BestPractice/src/object_avoidance/install/object_avoidance/bin'
[0.334s] INFO:colcon.colcon_core.shell:Creating package script '/home/magnum/ros2_best_practice/src/Ros2BestPractice/src/object_avoidance/install/object_avoidance/share/object_avoidance/package.ps1'
[0.334s] INFO:colcon.colcon_core.shell:Creating package descriptor '/home/magnum/ros2_best_practice/src/Ros2BestPractice/src/object_avoidance/install/object_avoidance/share/object_avoidance/package.dsv'
[0.335s] INFO:colcon.colcon_core.shell:Creating package script '/home/magnum/ros2_best_practice/src/Ros2BestPractice/src/object_avoidance/install/object_avoidance/share/object_avoidance/package.sh'
[0.335s] INFO:colcon.colcon_core.shell:Creating package script '/home/magnum/ros2_best_practice/src/Ros2BestPractice/src/object_avoidance/install/object_avoidance/share/object_avoidance/package.bash'
[0.335s] INFO:colcon.colcon_core.shell:Creating package script '/home/magnum/ros2_best_practice/src/Ros2BestPractice/src/object_avoidance/install/object_avoidance/share/object_avoidance/package.zsh'
[0.336s] Level 1:colcon.colcon_core.environment:create_file_with_runtime_dependencies(/home/magnum/ros2_best_practice/src/Ros2BestPractice/src/object_avoidance/install/object_avoidance/share/colcon-core/packages/object_avoidance)
[0.336s] DEBUG:colcon.colcon_parallel_executor.executor.parallel:closing loop
[0.336s] DEBUG:colcon.colcon_parallel_executor.executor.parallel:loop closed
[0.336s] DEBUG:colcon.colcon_parallel_executor.executor.parallel:run_until_complete finished with '0'
[0.336s] DEBUG:colcon.colcon_core.event_reactor:joining thread
[0.344s] INFO:colcon.colcon_core.plugin_system:Skipping extension 'colcon_notification.desktop_notification.terminal_notifier': Not used on non-Darwin systems
[0.345s] INFO:colcon.colcon_core.plugin_system:Skipping extension 'colcon_notification.desktop_notification.win32': Not used on non-Windows systems
[0.345s] INFO:colcon.colcon_notification.desktop_notification:Sending desktop notification using 'notify2'
[0.357s] DEBUG:colcon.colcon_core.event_reactor:joined thread
[0.359s] INFO:colcon.colcon_core.shell:Creating prefix script '/home/magnum/ros2_best_practice/src/Ros2BestPractice/src/object_avoidance/install/local_setup.ps1'
[0.359s] INFO:colcon.colcon_core.shell:Creating prefix util module '/home/magnum/ros2_best_practice/src/Ros2BestPractice/src/object_avoidance/install/_local_setup_util_ps1.py'
[0.361s] INFO:colcon.colcon_core.shell:Creating prefix chain script '/home/magnum/ros2_best_practice/src/Ros2BestPractice/src/object_avoidance/install/setup.ps1'
[0.363s] INFO:colcon.colcon_core.shell:Creating prefix script '/home/magnum/ros2_best_practice/src/Ros2BestPractice/src/object_avoidance/install/local_setup.sh'
[0.364s] INFO:colcon.colcon_core.shell:Creating prefix util module '/home/magnum/ros2_best_practice/src/Ros2BestPractice/src/object_avoidance/install/_local_setup_util_sh.py'
[0.364s] INFO:colcon.colcon_core.shell:Creating prefix chain script '/home/magnum/ros2_best_practice/src/Ros2BestPractice/src/object_avoidance/install/setup.sh'
[0.366s] INFO:colcon.colcon_core.shell:Creating prefix script '/home/magnum/ros2_best_practice/src/Ros2BestPractice/src/object_avoidance/install/local_setup.bash'
[0.366s] INFO:colcon.colcon_core.shell:Creating prefix chain script '/home/magnum/ros2_best_practice/src/Ros2BestPractice/src/object_avoidance/install/setup.bash'
[0.368s] INFO:colcon.colcon_core.shell:Creating prefix script '/home/magnum/ros2_best_practice/src/Ros2BestPractice/src/object_avoidance/install/local_setup.zsh'
[0.369s] INFO:colcon.colcon_core.shell:Creating prefix chain script '/home/magnum/ros2_best_practice/src/Ros2BestPractice/src/object_avoidance/install/setup.zsh'
