[0.015s] Invoking command in '/home/magnum/ros2_best/src/Ros2BestPractice/src/object_avoidance/build/object_avoidance': CMAKE_PREFIX_PATH=/opt/ros/foxy /usr/bin/cmake --build /home/magnum/ros2_best/src/Ros2BestPractice/src/object_avoidance/build/object_avoidance -- -j8 -l8
[0.029s] -- Found ament_cmake: 0.9.11 (/opt/ros/foxy/share/ament_cmake/cmake)
[0.047s] -- Using PYTHON_EXECUTABLE: /usr/bin/python3
[0.212s] -- Found rclcpp: 2.4.2 (/opt/ros/foxy/share/rclcpp/cmake)
[0.236s] -- Using all available rosidl_typesupport_c: rosidl_typesupport_fastrtps_c;rosidl_typesupport_introspection_c
[0.238s] -- Found rosidl_adapter: 1.3.0 (/opt/ros/foxy/share/rosidl_adapter/cmake)
[0.330s] -- Using all available rosidl_typesupport_cpp: rosidl_typesupport_fastrtps_cpp;rosidl_typesupport_introspection_cpp
[0.360s] -- Found rmw_implementation_cmake: 1.0.3 (/opt/ros/foxy/share/rmw_implementation_cmake/cmake)
[0.360s] -- Using RMW implementation 'rmw_fastrtps_cpp' as default
[0.440s] -- Found geometry_msgs: 2.0.5 (/opt/ros/foxy/share/geometry_msgs/cmake)
[0.461s] -- Found sensor_msgs: 2.0.5 (/opt/ros/foxy/share/sensor_msgs/cmake)
[0.508s] -- Found ament_lint_auto: 0.9.7 (/opt/ros/foxy/share/ament_lint_auto/cmake)
[0.561s] -- Added test 'copyright' to check source files copyright and LICENSE
[0.572s] -- Added test 'cppcheck' to perform static code analysis on C / C++ code
[0.573s] -- Configured cppcheck include dirs: /home/magnum/ros2_best/src/Ros2BestPractice/src/object_avoidance/include
[0.573s] -- Configured cppcheck exclude dirs and/or files: 
[0.582s] -- Added test 'cpplint' to check C / C++ code against the Google style
[0.582s] -- Configured cpplint exclude dirs and/or files: 
[0.583s] -- Added test 'flake8' to check Python code syntax and style conventions
[0.586s] -- Added test 'lint_cmake' to check CMake code style
[0.587s] -- Added test 'pep257' to check Python code against some of the style conventions in PEP 257
[0.598s] -- Added test 'uncrustify' to check C / C++ code style
[0.598s] -- Configured uncrustify additional arguments: 
[0.599s] -- Added test 'xmllint' to check XML markup files
[0.600s] -- Configuring done
[0.609s] -- Generating done
[0.611s] -- Build files have been written to: /home/magnum/ros2_best/src/Ros2BestPractice/src/object_avoidance/build/object_avoidance
[0.629s] [ 50%] [32mBuilding CXX object CMakeFiles/obstacle_avoidance.dir/src/obstacle_avoidance.cpp.o[0m
[0.636s] [01m[K/home/magnum/ros2_best/src/Ros2BestPractice/src/object_avoidance/src/obstacle_avoidance.cpp:1:10:[m[K [01;31m[Kfatal error: [m[Kobstacle_avoidance/obstacle_avoidance.hpp: No such file or directory
[0.636s]     1 | #include [01;31m[K"obstacle_avoidance/obstacle_avoidance.hpp"[m[K
[0.636s]       |          [01;31m[K^~~~~~~~~~~~~~~~~~~~~~~~~~~~~~~~~~~~~~~~~~~[m[K
[0.636s] compilation terminated.
[0.636s] make[2]: *** [CMakeFiles/obstacle_avoidance.dir/build.make:76: CMakeFiles/obstacle_avoidance.dir/src/obstacle_avoidance.cpp.o] Error 1
[0.637s] make[1]: *** [CMakeFiles/Makefile2:137: CMakeFiles/obstacle_avoidance.dir/all] Error 2
[0.637s] make: *** [Makefile:146: all] Error 2
[0.639s] Invoked command in '/home/magnum/ros2_best/src/Ros2BestPractice/src/object_avoidance/build/object_avoidance' returned '2': CMAKE_PREFIX_PATH=/opt/ros/foxy /usr/bin/cmake --build /home/magnum/ros2_best/src/Ros2BestPractice/src/object_avoidance/build/object_avoidance -- -j8 -l8
