[0.015s] Invoking command in '/home/magnum/ros2_best/src/Ros2BestPractice/src/object_avoidance/build/object_avoidance': CMAKE_PREFIX_PATH=/opt/ros/foxy /usr/bin/cmake --build /home/magnum/ros2_best/src/Ros2BestPractice/src/object_avoidance/build/object_avoidance -- -j8 -l8
[0.029s] -- Found ament_cmake: 0.9.11 (/opt/ros/foxy/share/ament_cmake/cmake)
[0.048s] -- Using PYTHON_EXECUTABLE: /usr/bin/python3
[0.206s] -- Found rclcpp: 2.4.2 (/opt/ros/foxy/share/rclcpp/cmake)
[0.228s] -- Using all available rosidl_typesupport_c: rosidl_typesupport_fastrtps_c;rosidl_typesupport_introspection_c
[0.230s] -- Found rosidl_adapter: 1.3.0 (/opt/ros/foxy/share/rosidl_adapter/cmake)
[0.322s] -- Using all available rosidl_typesupport_cpp: rosidl_typesupport_fastrtps_cpp;rosidl_typesupport_introspection_cpp
[0.351s] -- Found rmw_implementation_cmake: 1.0.3 (/opt/ros/foxy/share/rmw_implementation_cmake/cmake)
[0.351s] -- Using RMW implementation 'rmw_fastrtps_cpp' as default
[0.435s] -- Found geometry_msgs: 2.0.5 (/opt/ros/foxy/share/geometry_msgs/cmake)
[0.455s] -- Found sensor_msgs: 2.0.5 (/opt/ros/foxy/share/sensor_msgs/cmake)
[0.496s] -- Found ament_lint_auto: 0.9.7 (/opt/ros/foxy/share/ament_lint_auto/cmake)
[0.551s] -- Added test 'copyright' to check source files copyright and LICENSE
[0.557s] -- Added test 'cppcheck' to perform static code analysis on C / C++ code
[0.557s] -- Configured cppcheck include dirs: 
[0.557s] -- Configured cppcheck exclude dirs and/or files: 
[0.562s] -- Added test 'cpplint' to check C / C++ code against the Google style
[0.562s] -- Configured cpplint exclude dirs and/or files: 
[0.563s] -- Added test 'flake8' to check Python code syntax and style conventions
[0.564s] -- Added test 'lint_cmake' to check CMake code style
[0.565s] -- Added test 'pep257' to check Python code against some of the style conventions in PEP 257
[0.571s] -- Added test 'uncrustify' to check C / C++ code style
[0.571s] -- Configured uncrustify additional arguments: 
[0.571s] -- Added test 'xmllint' to check XML markup files
[0.572s] -- Configuring done
[0.579s] -- Generating done
[0.581s] -- Build files have been written to: /home/magnum/ros2_best/src/Ros2BestPractice/src/object_avoidance/build/object_avoidance
[0.598s] [ 50%] [32mBuilding CXX object CMakeFiles/obstacle_avoidancee.dir/src/obstacle_avoidance.cpp.o[0m
[0.603s] [01m[K/home/magnum/ros2_best/src/Ros2BestPractice/src/object_avoidance/src/obstacle_avoidance.cpp:1:10:[m[K [01;31m[Kfatal error: [m[Kobstacle_avoidance.hpp: No such file or directory
[0.603s]     1 | #include [01;31m[K"obstacle_avoidance.hpp"[m[K
[0.603s]       |          [01;31m[K^~~~~~~~~~~~~~~~~~~~~~~~[m[K
[0.603s] compilation terminated.
[0.604s] make[2]: *** [CMakeFiles/obstacle_avoidancee.dir/build.make:76: CMakeFiles/obstacle_avoidancee.dir/src/obstacle_avoidance.cpp.o] Error 1
[0.604s] make[1]: *** [CMakeFiles/Makefile2:137: CMakeFiles/obstacle_avoidancee.dir/all] Error 2
[0.604s] make: *** [Makefile:146: all] Error 2
[0.605s] Invoked command in '/home/magnum/ros2_best/src/Ros2BestPractice/src/object_avoidance/build/object_avoidance' returned '2': CMAKE_PREFIX_PATH=/opt/ros/foxy /usr/bin/cmake --build /home/magnum/ros2_best/src/Ros2BestPractice/src/object_avoidance/build/object_avoidance -- -j8 -l8
