[0.111s] DEBUG:colcon:Command line arguments: ['/usr/bin/colcon', 'build']
[0.111s] DEBUG:colcon:Parsed command line arguments: Namespace(allow_overriding=[], ament_cmake_args=None, base_paths=['.'], build_base='build', catkin_cmake_args=None, catkin_skip_building_tests=False, cmake_args=None, cmake_clean_cache=False, cmake_clean_first=False, cmake_force_configure=False, cmake_target=None, cmake_target_skip_unavailable=False, continue_on_error=False, event_handlers=None, executor='parallel', ignore_user_meta=False, install_base='install', log_base=None, log_level=None, main=<bound method BuildVerb.main of <colcon_core.verb.build.BuildVerb object at 0x7fe1d84565b0>>, merge_install=False, metas=['./colcon.meta'], packages_above=None, packages_above_and_dependencies=None, packages_above_depth=None, packages_end=None, packages_ignore=None, packages_ignore_regex=None, packages_select=None, packages_select_build_failed=False, packages_select_by_dep=None, packages_select_regex=None, packages_select_test_failures=False, packages_skip=None, packages_skip_build_finished=False, packages_skip_by_dep=None, packages_skip_regex=None, packages_skip_test_passed=False, packages_skip_up_to=None, packages_start=None, packages_up_to=None, packages_up_to_regex=None, parallel_workers=8, paths=None, symlink_install=False, test_result_base=None, verb_extension=<colcon_core.verb.build.BuildVerb object at 0x7fe1d84565b0>, verb_name='build', verb_parser=<colcon_defaults.argument_parser.defaults.DefaultArgumentsDecorator object at 0x7fe1d8456af0>)
[0.126s] Level 1:colcon.colcon_core.package_discovery:discover_packages(colcon_meta) check parameters
[0.126s] Level 1:colcon.colcon_core.package_discovery:discover_packages(recursive) check parameters
[0.126s] Level 1:colcon.colcon_core.package_discovery:discover_packages(ignore) check parameters
[0.126s] Level 1:colcon.colcon_core.package_discovery:discover_packages(path) check parameters
[0.126s] Level 1:colcon.colcon_core.package_discovery:discover_packages(colcon_meta) discover
[0.126s] Level 1:colcon.colcon_core.package_discovery:discover_packages(recursive) discover
[0.126s] INFO:colcon.colcon_core.package_discovery:Crawling recursively for packages in '/home/magnum/ros2_best/src/Ros2BestPractice/src/object_avoidance'
[0.126s] Level 1:colcon.colcon_core.package_identification:_identify(.) by extensions ['ignore', 'ignore_ament_install']
[0.126s] Level 1:colcon.colcon_core.package_identification:_identify(.) by extension 'ignore'
[0.126s] Level 1:colcon.colcon_core.package_identification:_identify(.) by extension 'ignore_ament_install'
[0.126s] Level 1:colcon.colcon_core.package_identification:_identify(.) by extensions ['colcon_pkg']
[0.126s] Level 1:colcon.colcon_core.package_identification:_identify(.) by extension 'colcon_pkg'
[0.126s] Level 1:colcon.colcon_core.package_identification:_identify(.) by extensions ['colcon_meta']
[0.126s] Level 1:colcon.colcon_core.package_identification:_identify(.) by extension 'colcon_meta'
[0.126s] Level 1:colcon.colcon_core.package_identification:_identify(.) by extensions ['ros']
[0.126s] Level 1:colcon.colcon_core.package_identification:_identify(.) by extension 'ros'
[0.142s] DEBUG:colcon.colcon_core.package_identification:Package '.' with type 'ros.ament_cmake' and name 'object_avoidance'
[0.142s] Level 1:colcon.colcon_core.package_discovery:discover_packages(recursive) using defaults
[0.142s] Level 1:colcon.colcon_core.package_discovery:discover_packages(ignore) discover
[0.143s] Level 1:colcon.colcon_core.package_discovery:discover_packages(ignore) using defaults
[0.143s] Level 1:colcon.colcon_core.package_discovery:discover_packages(path) discover
[0.143s] Level 1:colcon.colcon_core.package_discovery:discover_packages(path) using defaults
[0.156s] Level 1:colcon.colcon_core.package_discovery:discover_packages(prefix_path) check parameters
[0.157s] Level 1:colcon.colcon_core.package_discovery:discover_packages(prefix_path) discover
[0.160s] DEBUG:colcon.colcon_installed_package_information.package_discovery:Found 397 installed packages in /opt/ros/foxy
[0.161s] Level 1:colcon.colcon_core.package_discovery:discover_packages(prefix_path) using defaults
[0.226s] Level 5:colcon.colcon_core.verb:set package 'object_avoidance' build argument 'cmake_args' from command line to 'None'
[0.226s] Level 5:colcon.colcon_core.verb:set package 'object_avoidance' build argument 'cmake_target' from command line to 'None'
[0.226s] Level 5:colcon.colcon_core.verb:set package 'object_avoidance' build argument 'cmake_target_skip_unavailable' from command line to 'False'
[0.226s] Level 5:colcon.colcon_core.verb:set package 'object_avoidance' build argument 'cmake_clean_cache' from command line to 'False'
[0.226s] Level 5:colcon.colcon_core.verb:set package 'object_avoidance' build argument 'cmake_clean_first' from command line to 'False'
[0.226s] Level 5:colcon.colcon_core.verb:set package 'object_avoidance' build argument 'cmake_force_configure' from command line to 'False'
[0.226s] Level 5:colcon.colcon_core.verb:set package 'object_avoidance' build argument 'ament_cmake_args' from command line to 'None'
[0.226s] Level 5:colcon.colcon_core.verb:set package 'object_avoidance' build argument 'catkin_cmake_args' from command line to 'None'
[0.226s] Level 5:colcon.colcon_core.verb:set package 'object_avoidance' build argument 'catkin_skip_building_tests' from command line to 'False'
[0.226s] DEBUG:colcon.colcon_core.verb:Building package 'object_avoidance' with the following arguments: {'ament_cmake_args': None, 'build_base': '/home/magnum/ros2_best/src/Ros2BestPractice/src/object_avoidance/build/object_avoidance', 'catkin_cmake_args': None, 'catkin_skip_building_tests': False, 'cmake_args': None, 'cmake_clean_cache': False, 'cmake_clean_first': False, 'cmake_force_configure': False, 'cmake_target': None, 'cmake_target_skip_unavailable': False, 'install_base': '/home/magnum/ros2_best/src/Ros2BestPractice/src/object_avoidance/install/object_avoidance', 'merge_install': False, 'path': '/home/magnum/ros2_best/src/Ros2BestPractice/src/object_avoidance', 'symlink_install': False, 'test_result_base': None}
[0.227s] INFO:colcon.colcon_core.executor:Executing jobs using 'parallel' executor
[0.230s] DEBUG:colcon.colcon_parallel_executor.executor.parallel:run_until_complete
[0.230s] INFO:colcon.colcon_ros.task.ament_cmake.build:Building ROS package in '/home/magnum/ros2_best/src/Ros2BestPractice/src/object_avoidance' with build type 'ament_cmake'
[0.230s] INFO:colcon.colcon_cmake.task.cmake.build:Building CMake package in '/home/magnum/ros2_best/src/Ros2BestPractice/src/object_avoidance'
[0.235s] INFO:colcon.colcon_core.plugin_system:Skipping extension 'colcon_core.shell.bat': Not used on non-Windows systems
[0.235s] INFO:colcon.colcon_core.shell:Skip shell extension 'powershell' for command environment: Not usable outside of PowerShell
[0.235s] DEBUG:colcon.colcon_core.shell:Skip shell extension 'dsv' for command environment
[0.244s] DEBUG:colcon.colcon_core.event_handler.log_command:Invoking command in '/home/magnum/ros2_best/src/Ros2BestPractice/src/object_avoidance/build/object_avoidance': CMAKE_PREFIX_PATH=/opt/ros/foxy /usr/bin/cmake --build /home/magnum/ros2_best/src/Ros2BestPractice/src/object_avoidance/build/object_avoidance -- -j8 -l8
[3.981s] DEBUG:colcon.colcon_core.event_handler.log_command:Invoked command in '/home/magnum/ros2_best/src/Ros2BestPractice/src/object_avoidance/build/object_avoidance' returned '0': CMAKE_PREFIX_PATH=/opt/ros/foxy /usr/bin/cmake --build /home/magnum/ros2_best/src/Ros2BestPractice/src/object_avoidance/build/object_avoidance -- -j8 -l8
[3.997s] DEBUG:colcon.colcon_core.event_handler.log_command:Invoking command in '/home/magnum/ros2_best/src/Ros2BestPractice/src/object_avoidance/build/object_avoidance': CMAKE_PREFIX_PATH=/opt/ros/foxy /usr/bin/cmake --install /home/magnum/ros2_best/src/Ros2BestPractice/src/object_avoidance/build/object_avoidance
[4.001s] Level 1:colcon.colcon_core.environment:create_environment_scripts_only(object_avoidance)
[4.002s] DEBUG:colcon.colcon_core.event_handler.log_command:Invoked command in '/home/magnum/ros2_best/src/Ros2BestPractice/src/object_avoidance/build/object_avoidance' returned '0': CMAKE_PREFIX_PATH=/opt/ros/foxy /usr/bin/cmake --install /home/magnum/ros2_best/src/Ros2BestPractice/src/object_avoidance/build/object_avoidance
[4.007s] Level 1:colcon.colcon_core.environment:checking '/home/magnum/ros2_best/src/Ros2BestPractice/src/object_avoidance/install/object_avoidance' for CMake module files
[4.007s] Level 1:colcon.colcon_core.environment:checking '/home/magnum/ros2_best/src/Ros2BestPractice/src/object_avoidance/install/object_avoidance' for CMake config files
[4.007s] Level 1:colcon.colcon_core.shell:create_environment_hook('object_avoidance', 'cmake_prefix_path')
[4.008s] INFO:colcon.colcon_core.shell:Creating environment hook '/home/magnum/ros2_best/src/Ros2BestPractice/src/object_avoidance/install/object_avoidance/share/object_avoidance/hook/cmake_prefix_path.ps1'
[4.009s] INFO:colcon.colcon_core.shell:Creating environment descriptor '/home/magnum/ros2_best/src/Ros2BestPractice/src/object_avoidance/install/object_avoidance/share/object_avoidance/hook/cmake_prefix_path.dsv'
[4.009s] INFO:colcon.colcon_core.shell:Creating environment hook '/home/magnum/ros2_best/src/Ros2BestPractice/src/object_avoidance/install/object_avoidance/share/object_avoidance/hook/cmake_prefix_path.sh'
[4.010s] Level 1:colcon.colcon_core.environment:checking '/home/magnum/ros2_best/src/Ros2BestPractice/src/object_avoidance/install/object_avoidance/lib'
[4.010s] Level 1:colcon.colcon_core.environment:checking '/home/magnum/ros2_best/src/Ros2BestPractice/src/object_avoidance/install/object_avoidance/bin'
[4.010s] Level 1:colcon.colcon_core.environment:checking '/home/magnum/ros2_best/src/Ros2BestPractice/src/object_avoidance/install/object_avoidance/lib/pkgconfig/object_avoidance.pc'
[4.010s] Level 1:colcon.colcon_core.environment:checking '/home/magnum/ros2_best/src/Ros2BestPractice/src/object_avoidance/install/object_avoidance/lib/python3.8/site-packages'
[4.010s] Level 1:colcon.colcon_core.environment:checking '/home/magnum/ros2_best/src/Ros2BestPractice/src/object_avoidance/install/object_avoidance/bin'
[4.012s] INFO:colcon.colcon_core.shell:Creating package script '/home/magnum/ros2_best/src/Ros2BestPractice/src/object_avoidance/install/object_avoidance/share/object_avoidance/package.ps1'
[4.012s] INFO:colcon.colcon_core.shell:Creating package descriptor '/home/magnum/ros2_best/src/Ros2BestPractice/src/object_avoidance/install/object_avoidance/share/object_avoidance/package.dsv'
[4.013s] INFO:colcon.colcon_core.shell:Creating package script '/home/magnum/ros2_best/src/Ros2BestPractice/src/object_avoidance/install/object_avoidance/share/object_avoidance/package.sh'
[4.013s] INFO:colcon.colcon_core.shell:Creating package script '/home/magnum/ros2_best/src/Ros2BestPractice/src/object_avoidance/install/object_avoidance/share/object_avoidance/package.bash'
[4.014s] INFO:colcon.colcon_core.shell:Creating package script '/home/magnum/ros2_best/src/Ros2BestPractice/src/object_avoidance/install/object_avoidance/share/object_avoidance/package.zsh'
[4.014s] Level 1:colcon.colcon_core.environment:create_file_with_runtime_dependencies(/home/magnum/ros2_best/src/Ros2BestPractice/src/object_avoidance/install/object_avoidance/share/colcon-core/packages/object_avoidance)
[4.028s] Level 1:colcon.colcon_core.environment:create_environment_scripts_only(object_avoidance)
[4.029s] Level 1:colcon.colcon_core.environment:checking '/home/magnum/ros2_best/src/Ros2BestPractice/src/object_avoidance/install/object_avoidance' for CMake module files
[4.030s] Level 1:colcon.colcon_core.environment:checking '/home/magnum/ros2_best/src/Ros2BestPractice/src/object_avoidance/install/object_avoidance' for CMake config files
[4.030s] Level 1:colcon.colcon_core.shell:create_environment_hook('object_avoidance', 'cmake_prefix_path')
[4.031s] INFO:colcon.colcon_core.shell:Creating environment hook '/home/magnum/ros2_best/src/Ros2BestPractice/src/object_avoidance/install/object_avoidance/share/object_avoidance/hook/cmake_prefix_path.ps1'
[4.031s] INFO:colcon.colcon_core.shell:Creating environment descriptor '/home/magnum/ros2_best/src/Ros2BestPractice/src/object_avoidance/install/object_avoidance/share/object_avoidance/hook/cmake_prefix_path.dsv'
[4.031s] INFO:colcon.colcon_core.shell:Creating environment hook '/home/magnum/ros2_best/src/Ros2BestPractice/src/object_avoidance/install/object_avoidance/share/object_avoidance/hook/cmake_prefix_path.sh'
[4.032s] Level 1:colcon.colcon_core.environment:checking '/home/magnum/ros2_best/src/Ros2BestPractice/src/object_avoidance/install/object_avoidance/lib'
[4.032s] Level 1:colcon.colcon_core.environment:checking '/home/magnum/ros2_best/src/Ros2BestPractice/src/object_avoidance/install/object_avoidance/bin'
[4.032s] Level 1:colcon.colcon_core.environment:checking '/home/magnum/ros2_best/src/Ros2BestPractice/src/object_avoidance/install/object_avoidance/lib/pkgconfig/object_avoidance.pc'
[4.032s] Level 1:colcon.colcon_core.environment:checking '/home/magnum/ros2_best/src/Ros2BestPractice/src/object_avoidance/install/object_avoidance/lib/python3.8/site-packages'
[4.032s] Level 1:colcon.colcon_core.environment:checking '/home/magnum/ros2_best/src/Ros2BestPractice/src/object_avoidance/install/object_avoidance/bin'
[4.033s] INFO:colcon.colcon_core.shell:Creating package script '/home/magnum/ros2_best/src/Ros2BestPractice/src/object_avoidance/install/object_avoidance/share/object_avoidance/package.ps1'
[4.034s] INFO:colcon.colcon_core.shell:Creating package descriptor '/home/magnum/ros2_best/src/Ros2BestPractice/src/object_avoidance/install/object_avoidance/share/object_avoidance/package.dsv'
[4.034s] INFO:colcon.colcon_core.shell:Creating package script '/home/magnum/ros2_best/src/Ros2BestPractice/src/object_avoidance/install/object_avoidance/share/object_avoidance/package.sh'
[4.034s] INFO:colcon.colcon_core.shell:Creating package script '/home/magnum/ros2_best/src/Ros2BestPractice/src/object_avoidance/install/object_avoidance/share/object_avoidance/package.bash'
[4.034s] INFO:colcon.colcon_core.shell:Creating package script '/home/magnum/ros2_best/src/Ros2BestPractice/src/object_avoidance/install/object_avoidance/share/object_avoidance/package.zsh'
[4.035s] Level 1:colcon.colcon_core.environment:create_file_with_runtime_dependencies(/home/magnum/ros2_best/src/Ros2BestPractice/src/object_avoidance/install/object_avoidance/share/colcon-core/packages/object_avoidance)
[4.035s] DEBUG:colcon.colcon_parallel_executor.executor.parallel:closing loop
[4.035s] DEBUG:colcon.colcon_parallel_executor.executor.parallel:loop closed
[4.035s] DEBUG:colcon.colcon_parallel_executor.executor.parallel:run_until_complete finished with '0'
[4.035s] DEBUG:colcon.colcon_core.event_reactor:joining thread
[4.041s] INFO:colcon.colcon_core.plugin_system:Skipping extension 'colcon_notification.desktop_notification.terminal_notifier': Not used on non-Darwin systems
[4.041s] INFO:colcon.colcon_core.plugin_system:Skipping extension 'colcon_notification.desktop_notification.win32': Not used on non-Windows systems
[4.041s] INFO:colcon.colcon_notification.desktop_notification:Sending desktop notification using 'notify2'
[4.054s] DEBUG:colcon.colcon_core.event_reactor:joined thread
[4.055s] INFO:colcon.colcon_core.shell:Creating prefix script '/home/magnum/ros2_best/src/Ros2BestPractice/src/object_avoidance/install/local_setup.ps1'
[4.056s] INFO:colcon.colcon_core.shell:Creating prefix util module '/home/magnum/ros2_best/src/Ros2BestPractice/src/object_avoidance/install/_local_setup_util_ps1.py'
[4.057s] INFO:colcon.colcon_core.shell:Creating prefix chain script '/home/magnum/ros2_best/src/Ros2BestPractice/src/object_avoidance/install/setup.ps1'
[4.058s] INFO:colcon.colcon_core.shell:Creating prefix script '/home/magnum/ros2_best/src/Ros2BestPractice/src/object_avoidance/install/local_setup.sh'
[4.059s] INFO:colcon.colcon_core.shell:Creating prefix util module '/home/magnum/ros2_best/src/Ros2BestPractice/src/object_avoidance/install/_local_setup_util_sh.py'
[4.059s] INFO:colcon.colcon_core.shell:Creating prefix chain script '/home/magnum/ros2_best/src/Ros2BestPractice/src/object_avoidance/install/setup.sh'
[4.062s] INFO:colcon.colcon_core.shell:Creating prefix script '/home/magnum/ros2_best/src/Ros2BestPractice/src/object_avoidance/install/local_setup.bash'
[4.062s] INFO:colcon.colcon_core.shell:Creating prefix chain script '/home/magnum/ros2_best/src/Ros2BestPractice/src/object_avoidance/install/setup.bash'
[4.064s] INFO:colcon.colcon_core.shell:Creating prefix script '/home/magnum/ros2_best/src/Ros2BestPractice/src/object_avoidance/install/local_setup.zsh'
[4.065s] INFO:colcon.colcon_core.shell:Creating prefix chain script '/home/magnum/ros2_best/src/Ros2BestPractice/src/object_avoidance/install/setup.zsh'
