-- Found ament_cmake: 0.9.11 (/opt/ros/foxy/share/ament_cmake/cmake)
-- Using PYTHON_EXECUTABLE: /usr/bin/python3
-- Found rclcpp: 2.4.2 (/opt/ros/foxy/share/rclcpp/cmake)
-- Using all available rosidl_typesupport_c: rosidl_typesupport_fastrtps_c;rosidl_typesupport_introspection_c
-- Found rosidl_adapter: 1.3.0 (/opt/ros/foxy/share/rosidl_adapter/cmake)
-- Using all available rosidl_typesupport_cpp: rosidl_typesupport_fastrtps_cpp;rosidl_typesupport_introspection_cpp
-- Found rmw_implementation_cmake: 1.0.3 (/opt/ros/foxy/share/rmw_implementation_cmake/cmake)
-- Using RMW implementation 'rmw_fastrtps_cpp' as default
-- Found geometry_msgs: 2.0.5 (/opt/ros/foxy/share/geometry_msgs/cmake)
-- Found sensor_msgs: 2.0.5 (/opt/ros/foxy/share/sensor_msgs/cmake)
-- Found ament_lint_auto: 0.9.7 (/opt/ros/foxy/share/ament_lint_auto/cmake)
-- Added test 'copyright' to check source files copyright and LICENSE
-- Added test 'cppcheck' to perform static code analysis on C / C++ code
-- Configured cppcheck include dirs: 
-- Configured cppcheck exclude dirs and/or files: 
-- Added test 'cpplint' to check C / C++ code against the Google style
-- Configured cpplint exclude dirs and/or files: 
-- Added test 'flake8' to check Python code syntax and style conventions
-- Added test 'lint_cmake' to check CMake code style
-- Added test 'pep257' to check Python code against some of the style conventions in PEP 257
-- Added test 'uncrustify' to check C / C++ code style
-- Configured uncrustify additional arguments: 
-- Added test 'xmllint' to check XML markup files
-- Configuring done
-- Generating done
-- Build files have been written to: /home/magnum/ros2_best_practice/src/Ros2BestPractice/src/object_avoidance/build/object_avoidance
[ 50%] [32mBuilding CXX object CMakeFiles/obstacle_avoidancee.dir/src/obstacle_avoidance.cpp.o[0m
In file included from [01m[K/opt/ros/foxy/include/rclcpp/subscription_base.hpp:29[m[K,
                 from [01m[K/opt/ros/foxy/include/rclcpp/callback_group.hpp:26[m[K,
                 from [01m[K/opt/ros/foxy/include/rclcpp/any_executable.hpp:20[m[K,
                 from [01m[K/opt/ros/foxy/include/rclcpp/memory_strategy.hpp:24[m[K,
                 from [01m[K/opt/ros/foxy/include/rclcpp/memory_strategies.hpp:18[m[K,
                 from [01m[K/opt/ros/foxy/include/rclcpp/executor_options.hpp:20[m[K,
                 from [01m[K/opt/ros/foxy/include/rclcpp/executor.hpp:33[m[K,
                 from [01m[K/opt/ros/foxy/include/rclcpp/executors/multi_threaded_executor.hpp:26[m[K,
                 from [01m[K/opt/ros/foxy/include/rclcpp/executors.hpp:21[m[K,
                 from [01m[K/opt/ros/foxy/include/rclcpp/rclcpp.hpp:146[m[K,
                 from [01m[K/home/magnum/ros2_best_practice/src/Ros2BestPractice/src/object_avoidance/src/obstacle_avoidance.hpp:2[m[K,
                 from [01m[K/home/magnum/ros2_best_practice/src/Ros2BestPractice/src/object_avoidance/src/obstacle_avoidance.cpp:1[m[K:
/opt/ros/foxy/include/rclcpp/any_subscription_callback.hpp: In instantiation of ‘[01m[Kvoid rclcpp::AnySubscriptionCallback<MessageT, Alloc>::set(CallbackT) [with CallbackT = std::_Bind<void (obstacle_avoidance::Avoidance::*(std::_Placeholder<1>, obstacle_avoidance::Avoidance*))(std::unique_ptr<sensor_msgs::msg::LaserScan_<std::allocator<void> >, std::default_delete<sensor_msgs::msg::LaserScan_<std::allocator<void> > > >)>; typename std::enable_if<rclcpp::function_traits::same_arguments<CallbackT, std::function<void(std::unique_ptr<MessageT, typename std::conditional<std::is_same<typename std::allocator_traits<typename std::allocator_traits<_Alloc>::rebind_traits<MessageT>::allocator_type>::rebind_alloc<MessageT>, typename std::allocator<void>::rebind<_Tp1>::other>::value, std::default_delete<_Tp>, rclcpp::allocator::AllocatorDeleter<typename std::allocator_traits<_Alloc>::rebind_traits<MessageT>::allocator_type> >::type>)> >::value>::type* <anonymous> = 0; MessageT = sensor_msgs::msg::LaserScan_<std::allocator<void> >; Alloc = std::allocator<void>][m[K’:
[01m[K/opt/ros/foxy/include/rclcpp/subscription_factory.hpp:97:3:[m[K   required from ‘[01m[Krclcpp::SubscriptionFactory rclcpp::create_subscription_factory(CallbackT&&, const rclcpp::SubscriptionOptionsWithAllocator<AllocatorT>&, typename MessageMemoryStrategyT::SharedPtr, std::shared_ptr<rclcpp::topic_statistics::SubscriptionTopicStatistics<CallbackMessageT> >) [with MessageT = sensor_msgs::msg::LaserScan_<std::allocator<void> >; CallbackT = std::_Bind<void (obstacle_avoidance::Avoidance::*(std::_Placeholder<1>, obstacle_avoidance::Avoidance*))(std::unique_ptr<sensor_msgs::msg::LaserScan_<std::allocator<void> >, std::default_delete<sensor_msgs::msg::LaserScan_<std::allocator<void> > > >)>; AllocatorT = std::allocator<void>; CallbackMessageT = sensor_msgs::msg::LaserScan_<std::allocator<void> >; SubscriptionT = rclcpp::Subscription<sensor_msgs::msg::LaserScan_<std::allocator<void> > >; MessageMemoryStrategyT = rclcpp::message_memory_strategy::MessageMemoryStrategy<sensor_msgs::msg::LaserScan_<std::allocator<void> >, std::allocator<void> >; typename MessageMemoryStrategyT::SharedPtr = std::shared_ptr<rclcpp::message_memory_strategy::MessageMemoryStrategy<sensor_msgs::msg::LaserScan_<std::allocator<void> >, std::allocator<void> > >][m[K’
[01m[K/opt/ros/foxy/include/rclcpp/create_subscription.hpp:144:63:[m[K   required from ‘[01m[Kstd::shared_ptr<SubscriptionT> rclcpp::create_subscription(NodeT&&, const string&, const rclcpp::QoS&, CallbackT&&, const rclcpp::SubscriptionOptionsWithAllocator<AllocatorT>&, typename MessageMemoryStrategyT::SharedPtr) [with MessageT = sensor_msgs::msg::LaserScan_<std::allocator<void> >; CallbackT = std::_Bind<void (obstacle_avoidance::Avoidance::*(std::_Placeholder<1>, obstacle_avoidance::Avoidance*))(std::unique_ptr<sensor_msgs::msg::LaserScan_<std::allocator<void> >, std::default_delete<sensor_msgs::msg::LaserScan_<std::allocator<void> > > >)>; AllocatorT = std::allocator<void>; CallbackMessageT = sensor_msgs::msg::LaserScan_<std::allocator<void> >; SubscriptionT = rclcpp::Subscription<sensor_msgs::msg::LaserScan_<std::allocator<void> > >; MessageMemoryStrategyT = rclcpp::message_memory_strategy::MessageMemoryStrategy<sensor_msgs::msg::LaserScan_<std::allocator<void> >, std::allocator<void> >; NodeT = rclcpp::Node&; std::string = std::__cxx11::basic_string<char>; typename MessageMemoryStrategyT::SharedPtr = std::shared_ptr<rclcpp::message_memory_strategy::MessageMemoryStrategy<sensor_msgs::msg::LaserScan_<std::allocator<void> >, std::allocator<void> > >][m[K’
[01m[K/opt/ros/foxy/include/rclcpp/node_impl.hpp:98:47:[m[K   required from ‘[01m[Kstd::shared_ptr<SubscriptionT> rclcpp::Node::create_subscription(const string&, const rclcpp::QoS&, CallbackT&&, const rclcpp::SubscriptionOptionsWithAllocator<AllocatorT>&, typename MessageMemoryStrategyT::SharedPtr) [with MessageT = sensor_msgs::msg::LaserScan_<std::allocator<void> >; CallbackT = std::_Bind<void (obstacle_avoidance::Avoidance::*(std::_Placeholder<1>, obstacle_avoidance::Avoidance*))(std::unique_ptr<sensor_msgs::msg::LaserScan_<std::allocator<void> >, std::default_delete<sensor_msgs::msg::LaserScan_<std::allocator<void> > > >)>; AllocatorT = std::allocator<void>; CallbackMessageT = sensor_msgs::msg::LaserScan_<std::allocator<void> >; SubscriptionT = rclcpp::Subscription<sensor_msgs::msg::LaserScan_<std::allocator<void> > >; MessageMemoryStrategyT = rclcpp::message_memory_strategy::MessageMemoryStrategy<sensor_msgs::msg::LaserScan_<std::allocator<void> >, std::allocator<void> >; std::string = std::__cxx11::basic_string<char>; typename MessageMemoryStrategyT::SharedPtr = std::shared_ptr<rclcpp::message_memory_strategy::MessageMemoryStrategy<sensor_msgs::msg::LaserScan_<std::allocator<void> >, std::allocator<void> > >][m[K’
[01m[K/home/magnum/ros2_best_practice/src/Ros2BestPractice/src/object_avoidance/src/obstacle_avoidance.cpp:12:131:[m[K   required from here
[01m[K/opt/ros/foxy/include/rclcpp/any_subscription_callback.hpp:141:26:[m[K [01;31m[Kerror: [m[Kno match for ‘[01m[Koperator=[m[K’ (operand types are ‘[01m[Krclcpp::AnySubscriptionCallback<sensor_msgs::msg::LaserScan_<std::allocator<void> >, std::allocator<void> >::UniquePtrCallback[m[K’ {aka ‘[01m[Kstd::function<void(std::unique_ptr<sensor_msgs::msg::LaserScan_<std::allocator<void> >, std::default_delete<sensor_msgs::msg::LaserScan_<std::allocator<void> > > >)>[m[K’} and ‘[01m[Kstd::_Bind<void (obstacle_avoidance::Avoidance::*(std::_Placeholder<1>, obstacle_avoidance::Avoidance*))(std::unique_ptr<sensor_msgs::msg::LaserScan_<std::allocator<void> >, std::default_delete<sensor_msgs::msg::LaserScan_<std::allocator<void> > > >)>[m[K’)
  141 |     [01;31m[Kunique_ptr_callback_ = callback[m[K;
      |     [01;31m[K~~~~~~~~~~~~~~~~~~~~~^~~~~~~~~~[m[K
In file included from [01m[K/usr/include/c++/9/future:48[m[K,
                 from [01m[K/opt/ros/foxy/include/rclcpp/executors.hpp:18[m[K,
                 from [01m[K/opt/ros/foxy/include/rclcpp/rclcpp.hpp:146[m[K,
                 from [01m[K/home/magnum/ros2_best_practice/src/Ros2BestPractice/src/object_avoidance/src/obstacle_avoidance.hpp:2[m[K,
                 from [01m[K/home/magnum/ros2_best_practice/src/Ros2BestPractice/src/object_avoidance/src/obstacle_avoidance.cpp:1[m[K:
[01m[K/usr/include/c++/9/bits/std_function.h:462:7:[m[K [01;36m[Knote: [m[Kcandidate: ‘[01m[Kstd::function<_Res(_ArgTypes ...)>& std::function<_Res(_ArgTypes ...)>::operator=(const std::function<_Res(_ArgTypes ...)>&) [with _Res = void; _ArgTypes = {std::unique_ptr<sensor_msgs::msg::LaserScan_<std::allocator<void> >, std::default_delete<sensor_msgs::msg::LaserScan_<std::allocator<void> > > >}][m[K’
  462 |       [01;36m[Koperator[m[K=(const function& __x)
      |       [01;36m[K^~~~~~~~[m[K
[01m[K/usr/include/c++/9/bits/std_function.h:462:33:[m[K [01;36m[Knote: [m[K  no known conversion for argument 1 from ‘[01m[Kstd::_Bind<void (obstacle_avoidance::Avoidance::*(std::_Placeholder<1>, obstacle_avoidance::Avoidance*))(std::unique_ptr<sensor_msgs::msg::LaserScan_<std::allocator<void> >, std::default_delete<sensor_msgs::msg::LaserScan_<std::allocator<void> > > >)>[m[K’ to ‘[01m[Kconst std::function<void(std::unique_ptr<sensor_msgs::msg::LaserScan_<std::allocator<void> >, std::default_delete<sensor_msgs::msg::LaserScan_<std::allocator<void> > > >)>&[m[K’
  462 |       operator=([01;36m[Kconst function& __x[m[K)
      |                 [01;36m[K~~~~~~~~~~~~~~~~^~~[m[K
[01m[K/usr/include/c++/9/bits/std_function.h:480:7:[m[K [01;36m[Knote: [m[Kcandidate: ‘[01m[Kstd::function<_Res(_ArgTypes ...)>& std::function<_Res(_ArgTypes ...)>::operator=(std::function<_Res(_ArgTypes ...)>&&) [with _Res = void; _ArgTypes = {std::unique_ptr<sensor_msgs::msg::LaserScan_<std::allocator<void> >, std::default_delete<sensor_msgs::msg::LaserScan_<std::allocator<void> > > >}][m[K’
  480 |       [01;36m[Koperator[m[K=(function&& __x) noexcept
      |       [01;36m[K^~~~~~~~[m[K
[01m[K/usr/include/c++/9/bits/std_function.h:480:28:[m[K [01;36m[Knote: [m[K  no known conversion for argument 1 from ‘[01m[Kstd::_Bind<void (obstacle_avoidance::Avoidance::*(std::_Placeholder<1>, obstacle_avoidance::Avoidance*))(std::unique_ptr<sensor_msgs::msg::LaserScan_<std::allocator<void> >, std::default_delete<sensor_msgs::msg::LaserScan_<std::allocator<void> > > >)>[m[K’ to ‘[01m[Kstd::function<void(std::unique_ptr<sensor_msgs::msg::LaserScan_<std::allocator<void> >, std::default_delete<sensor_msgs::msg::LaserScan_<std::allocator<void> > > >)>&&[m[K’
  480 |       operator=([01;36m[Kfunction&& __x[m[K) noexcept
      |                 [01;36m[K~~~~~~~~~~~^~~[m[K
[01m[K/usr/include/c++/9/bits/std_function.h:494:7:[m[K [01;36m[Knote: [m[Kcandidate: ‘[01m[Kstd::function<_Res(_ArgTypes ...)>& std::function<_Res(_ArgTypes ...)>::operator=(std::nullptr_t) [with _Res = void; _ArgTypes = {std::unique_ptr<sensor_msgs::msg::LaserScan_<std::allocator<void> >, std::default_delete<sensor_msgs::msg::LaserScan_<std::allocator<void> > > >}; std::nullptr_t = std::nullptr_t][m[K’
  494 |       [01;36m[Koperator[m[K=(nullptr_t) noexcept
      |       [01;36m[K^~~~~~~~[m[K
[01m[K/usr/include/c++/9/bits/std_function.h:494:17:[m[K [01;36m[Knote: [m[K  no known conversion for argument 1 from ‘[01m[Kstd::_Bind<void (obstacle_avoidance::Avoidance::*(std::_Placeholder<1>, obstacle_avoidance::Avoidance*))(std::unique_ptr<sensor_msgs::msg::LaserScan_<std::allocator<void> >, std::default_delete<sensor_msgs::msg::LaserScan_<std::allocator<void> > > >)>[m[K’ to ‘[01m[Kstd::nullptr_t[m[K’
  494 |       operator=([01;36m[Knullptr_t[m[K) noexcept
      |                 [01;36m[K^~~~~~~~~[m[K
[01m[K/usr/include/c++/9/bits/std_function.h:523:2:[m[K [01;36m[Knote: [m[Kcandidate: ‘[01m[Ktemplate<class _Functor> std::function<_Res(_ArgTypes ...)>::_Requires<std::function<_Res(_ArgTypes ...)>::_Callable<typename std::decay<_Functor>::type>, std::function<_Res(_ArgTypes ...)>&> std::function<_Res(_ArgTypes ...)>::operator=(_Functor&&) [with _Functor = _Functor; _Res = void; _ArgTypes = {std::unique_ptr<sensor_msgs::msg::LaserScan_<std::allocator<void> >, std::default_delete<sensor_msgs::msg::LaserScan_<std::allocator<void> > > >}][m[K’
  523 |  [01;36m[Koperator[m[K=(_Functor&& __f)
      |  [01;36m[K^~~~~~~~[m[K
[01m[K/usr/include/c++/9/bits/std_function.h:523:2:[m[K [01;36m[Knote: [m[K  template argument deduction/substitution failed:
/usr/include/c++/9/bits/std_function.h: In substitution of ‘[01m[Ktemplate<class _Res, class ... _ArgTypes> template<class _Cond, class _Tp> using _Requires = typename std::enable_if<_Cond::value, _Tp>::type [with _Cond = std::function<void(std::unique_ptr<sensor_msgs::msg::LaserScan_<std::allocator<void> >, std::default_delete<sensor_msgs::msg::LaserScan_<std::allocator<void> > > >)>::_Callable<std::_Bind<void (obstacle_avoidance::Avoidance::*(std::_Placeholder<1>, obstacle_avoidance::Avoidance*))(std::unique_ptr<sensor_msgs::msg::LaserScan_<std::allocator<void> >, std::default_delete<sensor_msgs::msg::LaserScan_<std::allocator<void> > > >)>, std::__invoke_result<std::_Bind<void (obstacle_avoidance::Avoidance::*(std::_Placeholder<1>, obstacle_avoidance::Avoidance*))(std::unique_ptr<sensor_msgs::msg::LaserScan_<std::allocator<void> >, std::default_delete<sensor_msgs::msg::LaserScan_<std::allocator<void> > > >)>&, std::unique_ptr<sensor_msgs::msg::LaserScan_<std::allocator<void> >, std::default_delete<sensor_msgs::msg::LaserScan_<std::allocator<void> > > > > >; _Tp = std::function<void(std::unique_ptr<sensor_msgs::msg::LaserScan_<std::allocator<void> >, std::default_delete<sensor_msgs::msg::LaserScan_<std::allocator<void> > > >)>&; _Res = void; _ArgTypes = {std::unique_ptr<sensor_msgs::msg::LaserScan_<std::allocator<void> >, std::default_delete<sensor_msgs::msg::LaserScan_<std::allocator<void> > > >}][m[K’:
[01m[K/usr/include/c++/9/bits/std_function.h:523:2:[m[K   required by substitution of ‘[01m[Ktemplate<class _Functor> std::function<void(std::unique_ptr<sensor_msgs::msg::LaserScan_<std::allocator<void> >, std::default_delete<sensor_msgs::msg::LaserScan_<std::allocator<void> > > >)>::_Requires<std::function<void(std::unique_ptr<sensor_msgs::msg::LaserScan_<std::allocator<void> >, std::default_delete<sensor_msgs::msg::LaserScan_<std::allocator<void> > > >)>::_Callable<typename std::decay<_Tp>::type, std::__invoke_result<typename std::decay<_Tp>::type&, std::unique_ptr<sensor_msgs::msg::LaserScan_<std::allocator<void> >, std::default_delete<sensor_msgs::msg::LaserScan_<std::allocator<void> > > > > >, std::function<void(std::unique_ptr<sensor_msgs::msg::LaserScan_<std::allocator<void> >, std::default_delete<sensor_msgs::msg::LaserScan_<std::allocator<void> > > >)>&> std::function<void(std::unique_ptr<sensor_msgs::msg::LaserScan_<std::allocator<void> >, std::default_delete<sensor_msgs::msg::LaserScan_<std::allocator<void> > > >)>::operator=<_Functor>(_Functor&&) [with _Functor = std::_Bind<void (obstacle_avoidance::Avoidance::*(std::_Placeholder<1>, obstacle_avoidance::Avoidance*))(std::unique_ptr<sensor_msgs::msg::LaserScan_<std::allocator<void> >, std::default_delete<sensor_msgs::msg::LaserScan_<std::allocator<void> > > >)>&][m[K’
[01m[K/opt/ros/foxy/include/rclcpp/any_subscription_callback.hpp:141:26:[m[K   required from ‘[01m[Kvoid rclcpp::AnySubscriptionCallback<MessageT, Alloc>::set(CallbackT) [with CallbackT = std::_Bind<void (obstacle_avoidance::Avoidance::*(std::_Placeholder<1>, obstacle_avoidance::Avoidance*))(std::unique_ptr<sensor_msgs::msg::LaserScan_<std::allocator<void> >, std::default_delete<sensor_msgs::msg::LaserScan_<std::allocator<void> > > >)>; typename std::enable_if<rclcpp::function_traits::same_arguments<CallbackT, std::function<void(std::unique_ptr<MessageT, typename std::conditional<std::is_same<typename std::allocator_traits<typename std::allocator_traits<_Alloc>::rebind_traits<MessageT>::allocator_type>::rebind_alloc<MessageT>, typename std::allocator<void>::rebind<_Tp1>::other>::value, std::default_delete<_Tp>, rclcpp::allocator::AllocatorDeleter<typename std::allocator_traits<_Alloc>::rebind_traits<MessageT>::allocator_type> >::type>)> >::value>::type* <anonymous> = 0; MessageT = sensor_msgs::msg::LaserScan_<std::allocator<void> >; Alloc = std::allocator<void>][m[K’
[01m[K/opt/ros/foxy/include/rclcpp/subscription_factory.hpp:97:3:[m[K   required from ‘[01m[Krclcpp::SubscriptionFactory rclcpp::create_subscription_factory(CallbackT&&, const rclcpp::SubscriptionOptionsWithAllocator<AllocatorT>&, typename MessageMemoryStrategyT::SharedPtr, std::shared_ptr<rclcpp::topic_statistics::SubscriptionTopicStatistics<CallbackMessageT> >) [with MessageT = sensor_msgs::msg::LaserScan_<std::allocator<void> >; CallbackT = std::_Bind<void (obstacle_avoidance::Avoidance::*(std::_Placeholder<1>, obstacle_avoidance::Avoidance*))(std::unique_ptr<sensor_msgs::msg::LaserScan_<std::allocator<void> >, std::default_delete<sensor_msgs::msg::LaserScan_<std::allocator<void> > > >)>; AllocatorT = std::allocator<void>; CallbackMessageT = sensor_msgs::msg::LaserScan_<std::allocator<void> >; SubscriptionT = rclcpp::Subscription<sensor_msgs::msg::LaserScan_<std::allocator<void> > >; MessageMemoryStrategyT = rclcpp::message_memory_strategy::MessageMemoryStrategy<sensor_msgs::msg::LaserScan_<std::allocator<void> >, std::allocator<void> >; typename MessageMemoryStrategyT::SharedPtr = std::shared_ptr<rclcpp::message_memory_strategy::MessageMemoryStrategy<sensor_msgs::msg::LaserScan_<std::allocator<void> >, std::allocator<void> > >][m[K’
[01m[K/opt/ros/foxy/include/rclcpp/create_subscription.hpp:144:63:[m[K   required from ‘[01m[Kstd::shared_ptr<SubscriptionT> rclcpp::create_subscription(NodeT&&, const string&, const rclcpp::QoS&, CallbackT&&, const rclcpp::SubscriptionOptionsWithAllocator<AllocatorT>&, typename MessageMemoryStrategyT::SharedPtr) [with MessageT = sensor_msgs::msg::LaserScan_<std::allocator<void> >; CallbackT = std::_Bind<void (obstacle_avoidance::Avoidance::*(std::_Placeholder<1>, obstacle_avoidance::Avoidance*))(std::unique_ptr<sensor_msgs::msg::LaserScan_<std::allocator<void> >, std::default_delete<sensor_msgs::msg::LaserScan_<std::allocator<void> > > >)>; AllocatorT = std::allocator<void>; CallbackMessageT = sensor_msgs::msg::LaserScan_<std::allocator<void> >; SubscriptionT = rclcpp::Subscription<sensor_msgs::msg::LaserScan_<std::allocator<void> > >; MessageMemoryStrategyT = rclcpp::message_memory_strategy::MessageMemoryStrategy<sensor_msgs::msg::LaserScan_<std::allocator<void> >, std::allocator<void> >; NodeT = rclcpp::Node&; std::string = std::__cxx11::basic_string<char>; typename MessageMemoryStrategyT::SharedPtr = std::shared_ptr<rclcpp::message_memory_strategy::MessageMemoryStrategy<sensor_msgs::msg::LaserScan_<std::allocator<void> >, std::allocator<void> > >][m[K’
[01m[K/opt/ros/foxy/include/rclcpp/node_impl.hpp:98:47:[m[K   required from ‘[01m[Kstd::shared_ptr<SubscriptionT> rclcpp::Node::create_subscription(const string&, const rclcpp::QoS&, CallbackT&&, const rclcpp::SubscriptionOptionsWithAllocator<AllocatorT>&, typename MessageMemoryStrategyT::SharedPtr) [with MessageT = sensor_msgs::msg::LaserScan_<std::allocator<void> >; CallbackT = std::_Bind<void (obstacle_avoidance::Avoidance::*(std::_Placeholder<1>, obstacle_avoidance::Avoidance*))(std::unique_ptr<sensor_msgs::msg::LaserScan_<std::allocator<void> >, std::default_delete<sensor_msgs::msg::LaserScan_<std::allocator<void> > > >)>; AllocatorT = std::allocator<void>; CallbackMessageT = sensor_msgs::msg::LaserScan_<std::allocator<void> >; SubscriptionT = rclcpp::Subscription<sensor_msgs::msg::LaserScan_<std::allocator<void> > >; MessageMemoryStrategyT = rclcpp::message_memory_strategy::MessageMemoryStrategy<sensor_msgs::msg::LaserScan_<std::allocator<void> >, std::allocator<void> >; std::string = std::__cxx11::basic_string<char>; typename MessageMemoryStrategyT::SharedPtr = std::shared_ptr<rclcpp::message_memory_strategy::MessageMemoryStrategy<sensor_msgs::msg::LaserScan_<std::allocator<void> >, std::allocator<void> > >][m[K’
[01m[K/home/magnum/ros2_best_practice/src/Ros2BestPractice/src/object_avoidance/src/obstacle_avoidance.cpp:12:131:[m[K   required from here
[01m[K/usr/include/c++/9/bits/std_function.h:385:8:[m[K [01;31m[Kerror: [m[Kno type named ‘[01m[Ktype[m[K’ in ‘[01m[Kstruct std::enable_if<false, std::function<void(std::unique_ptr<sensor_msgs::msg::LaserScan_<std::allocator<void> >, std::default_delete<sensor_msgs::msg::LaserScan_<std::allocator<void> > > >)>&>[m[K’
  385 |  using [01;31m[K_Requires[m[K = typename enable_if<_Cond::value, _Tp>::type;
      |        [01;31m[K^~~~~~~~~[m[K
/opt/ros/foxy/include/rclcpp/any_subscription_callback.hpp: In instantiation of ‘[01m[Kvoid rclcpp::AnySubscriptionCallback<MessageT, Alloc>::set(CallbackT) [with CallbackT = std::_Bind<void (obstacle_avoidance::Avoidance::*(std::_Placeholder<1>, obstacle_avoidance::Avoidance*))(std::unique_ptr<sensor_msgs::msg::LaserScan_<std::allocator<void> >, std::default_delete<sensor_msgs::msg::LaserScan_<std::allocator<void> > > >)>; typename std::enable_if<rclcpp::function_traits::same_arguments<CallbackT, std::function<void(std::unique_ptr<MessageT, typename std::conditional<std::is_same<typename std::allocator_traits<typename std::allocator_traits<_Alloc>::rebind_traits<MessageT>::allocator_type>::rebind_alloc<MessageT>, typename std::allocator<void>::rebind<_Tp1>::other>::value, std::default_delete<_Tp>, rclcpp::allocator::AllocatorDeleter<typename std::allocator_traits<_Alloc>::rebind_traits<MessageT>::allocator_type> >::type>)> >::value>::type* <anonymous> = 0; MessageT = sensor_msgs::msg::LaserScan_<std::allocator<void> >; Alloc = std::allocator<void>][m[K’:
[01m[K/opt/ros/foxy/include/rclcpp/subscription_factory.hpp:97:3:[m[K   required from ‘[01m[Krclcpp::SubscriptionFactory rclcpp::create_subscription_factory(CallbackT&&, const rclcpp::SubscriptionOptionsWithAllocator<AllocatorT>&, typename MessageMemoryStrategyT::SharedPtr, std::shared_ptr<rclcpp::topic_statistics::SubscriptionTopicStatistics<CallbackMessageT> >) [with MessageT = sensor_msgs::msg::LaserScan_<std::allocator<void> >; CallbackT = std::_Bind<void (obstacle_avoidance::Avoidance::*(std::_Placeholder<1>, obstacle_avoidance::Avoidance*))(std::unique_ptr<sensor_msgs::msg::LaserScan_<std::allocator<void> >, std::default_delete<sensor_msgs::msg::LaserScan_<std::allocator<void> > > >)>; AllocatorT = std::allocator<void>; CallbackMessageT = sensor_msgs::msg::LaserScan_<std::allocator<void> >; SubscriptionT = rclcpp::Subscription<sensor_msgs::msg::LaserScan_<std::allocator<void> > >; MessageMemoryStrategyT = rclcpp::message_memory_strategy::MessageMemoryStrategy<sensor_msgs::msg::LaserScan_<std::allocator<void> >, std::allocator<void> >; typename MessageMemoryStrategyT::SharedPtr = std::shared_ptr<rclcpp::message_memory_strategy::MessageMemoryStrategy<sensor_msgs::msg::LaserScan_<std::allocator<void> >, std::allocator<void> > >][m[K’
[01m[K/opt/ros/foxy/include/rclcpp/create_subscription.hpp:144:63:[m[K   required from ‘[01m[Kstd::shared_ptr<SubscriptionT> rclcpp::create_subscription(NodeT&&, const string&, const rclcpp::QoS&, CallbackT&&, const rclcpp::SubscriptionOptionsWithAllocator<AllocatorT>&, typename MessageMemoryStrategyT::SharedPtr) [with MessageT = sensor_msgs::msg::LaserScan_<std::allocator<void> >; CallbackT = std::_Bind<void (obstacle_avoidance::Avoidance::*(std::_Placeholder<1>, obstacle_avoidance::Avoidance*))(std::unique_ptr<sensor_msgs::msg::LaserScan_<std::allocator<void> >, std::default_delete<sensor_msgs::msg::LaserScan_<std::allocator<void> > > >)>; AllocatorT = std::allocator<void>; CallbackMessageT = sensor_msgs::msg::LaserScan_<std::allocator<void> >; SubscriptionT = rclcpp::Subscription<sensor_msgs::msg::LaserScan_<std::allocator<void> > >; MessageMemoryStrategyT = rclcpp::message_memory_strategy::MessageMemoryStrategy<sensor_msgs::msg::LaserScan_<std::allocator<void> >, std::allocator<void> >; NodeT = rclcpp::Node&; std::string = std::__cxx11::basic_string<char>; typename MessageMemoryStrategyT::SharedPtr = std::shared_ptr<rclcpp::message_memory_strategy::MessageMemoryStrategy<sensor_msgs::msg::LaserScan_<std::allocator<void> >, std::allocator<void> > >][m[K’
[01m[K/opt/ros/foxy/include/rclcpp/node_impl.hpp:98:47:[m[K   required from ‘[01m[Kstd::shared_ptr<SubscriptionT> rclcpp::Node::create_subscription(const string&, const rclcpp::QoS&, CallbackT&&, const rclcpp::SubscriptionOptionsWithAllocator<AllocatorT>&, typename MessageMemoryStrategyT::SharedPtr) [with MessageT = sensor_msgs::msg::LaserScan_<std::allocator<void> >; CallbackT = std::_Bind<void (obstacle_avoidance::Avoidance::*(std::_Placeholder<1>, obstacle_avoidance::Avoidance*))(std::unique_ptr<sensor_msgs::msg::LaserScan_<std::allocator<void> >, std::default_delete<sensor_msgs::msg::LaserScan_<std::allocator<void> > > >)>; AllocatorT = std::allocator<void>; CallbackMessageT = sensor_msgs::msg::LaserScan_<std::allocator<void> >; SubscriptionT = rclcpp::Subscription<sensor_msgs::msg::LaserScan_<std::allocator<void> > >; MessageMemoryStrategyT = rclcpp::message_memory_strategy::MessageMemoryStrategy<sensor_msgs::msg::LaserScan_<std::allocator<void> >, std::allocator<void> >; std::string = std::__cxx11::basic_string<char>; typename MessageMemoryStrategyT::SharedPtr = std::shared_ptr<rclcpp::message_memory_strategy::MessageMemoryStrategy<sensor_msgs::msg::LaserScan_<std::allocator<void> >, std::allocator<void> > >][m[K’
[01m[K/home/magnum/ros2_best_practice/src/Ros2BestPractice/src/object_avoidance/src/obstacle_avoidance.cpp:12:131:[m[K   required from here
[01m[K/usr/include/c++/9/bits/std_function.h:532:2:[m[K [01;36m[Knote: [m[Kcandidate: ‘[01m[Ktemplate<class _Functor> std::function<_Res(_ArgTypes ...)>& std::function<_Res(_ArgTypes ...)>::operator=(std::reference_wrapper<_Functor>) [with _Functor = _Functor; _Res = void; _ArgTypes = {std::unique_ptr<sensor_msgs::msg::LaserScan_<std::allocator<void> >, std::default_delete<sensor_msgs::msg::LaserScan_<std::allocator<void> > > >}][m[K’
  532 |  [01;36m[Koperator[m[K=(reference_wrapper<_Functor> __f) noexcept
      |  [01;36m[K^~~~~~~~[m[K
[01m[K/usr/include/c++/9/bits/std_function.h:532:2:[m[K [01;36m[Knote: [m[K  template argument deduction/substitution failed:
In file included from [01m[K/opt/ros/foxy/include/rclcpp/subscription_base.hpp:29[m[K,
                 from [01m[K/opt/ros/foxy/include/rclcpp/callback_group.hpp:26[m[K,
                 from [01m[K/opt/ros/foxy/include/rclcpp/any_executable.hpp:20[m[K,
                 from [01m[K/opt/ros/foxy/include/rclcpp/memory_strategy.hpp:24[m[K,
                 from [01m[K/opt/ros/foxy/include/rclcpp/memory_strategies.hpp:18[m[K,
                 from [01m[K/opt/ros/foxy/include/rclcpp/executor_options.hpp:20[m[K,
                 from [01m[K/opt/ros/foxy/include/rclcpp/executor.hpp:33[m[K,
                 from [01m[K/opt/ros/foxy/include/rclcpp/executors/multi_threaded_executor.hpp:26[m[K,
                 from [01m[K/opt/ros/foxy/include/rclcpp/executors.hpp:21[m[K,
                 from [01m[K/opt/ros/foxy/include/rclcpp/rclcpp.hpp:146[m[K,
                 from [01m[K/home/magnum/ros2_best_practice/src/Ros2BestPractice/src/object_avoidance/src/obstacle_avoidance.hpp:2[m[K,
                 from [01m[K/home/magnum/ros2_best_practice/src/Ros2BestPractice/src/object_avoidance/src/obstacle_avoidance.cpp:1[m[K:
[01m[K/opt/ros/foxy/include/rclcpp/any_subscription_callback.hpp:141:26:[m[K [01;36m[Knote: [m[K  ‘[01m[Kstd::_Bind<void (obstacle_avoidance::Avoidance::*(std::_Placeholder<1>, obstacle_avoidance::Avoidance*))(std::unique_ptr<sensor_msgs::msg::LaserScan_<std::allocator<void> >, std::default_delete<sensor_msgs::msg::LaserScan_<std::allocator<void> > > >)>[m[K’ is not derived from ‘[01m[Kstd::reference_wrapper<_Tp>[m[K’
  141 |     [01;36m[Kunique_ptr_callback_ = callback[m[K;
      |     [01;36m[K~~~~~~~~~~~~~~~~~~~~~^~~~~~~~~~[m[K
make[2]: *** [CMakeFiles/obstacle_avoidancee.dir/build.make:76: CMakeFiles/obstacle_avoidancee.dir/src/obstacle_avoidance.cpp.o] Error 1
make[1]: *** [CMakeFiles/Makefile2:137: CMakeFiles/obstacle_avoidancee.dir/all] Error 2
make: *** [Makefile:146: all] Error 2
