[0.018s] Invoking command in '/home/magnum/ros2_best_practice/src/Ros2BestPractice/src/object_avoidance/build/object_avoidance': CMAKE_PREFIX_PATH=${CMAKE_PREFIX_PATH}:/opt/ros/foxy /usr/bin/cmake --build /home/magnum/ros2_best_practice/src/Ros2BestPractice/src/object_avoidance/build/object_avoidance -- -j8 -l8
[0.050s] [ 50%] [32mBuilding CXX object CMakeFiles/obstacle_avoidancee.dir/src/obstacle_avoidance.cpp.o[0m
[3.889s] [100%] [32m[1mLinking CXX executable obstacle_avoidancee[0m
[4.107s] [100%] Built target obstacle_avoidancee
[4.118s] Invoked command in '/home/magnum/ros2_best_practice/src/Ros2BestPractice/src/object_avoidance/build/object_avoidance' returned '0': CMAKE_PREFIX_PATH=${CMAKE_PREFIX_PATH}:/opt/ros/foxy /usr/bin/cmake --build /home/magnum/ros2_best_practice/src/Ros2BestPractice/src/object_avoidance/build/object_avoidance -- -j8 -l8
[4.139s] Invoking command in '/home/magnum/ros2_best_practice/src/Ros2BestPractice/src/object_avoidance/build/object_avoidance': CMAKE_PREFIX_PATH=${CMAKE_PREFIX_PATH}:/opt/ros/foxy /usr/bin/cmake --install /home/magnum/ros2_best_practice/src/Ros2BestPractice/src/object_avoidance/build/object_avoidance
[4.142s] -- Install configuration: ""
[4.142s] -- Installing: /home/magnum/ros2_best_practice/src/Ros2BestPractice/src/object_avoidance/install/object_avoidance/lib/object_avoidance/obstacle_avoidancee
[4.144s] -- Set runtime path of "/home/magnum/ros2_best_practice/src/Ros2BestPractice/src/object_avoidance/install/object_avoidance/lib/object_avoidance/obstacle_avoidancee" to ""
[4.144s] -- Up-to-date: /home/magnum/ros2_best_practice/src/Ros2BestPractice/src/object_avoidance/install/object_avoidance/share/object_avoidance/launch
[4.144s] -- Up-to-date: /home/magnum/ros2_best_practice/src/Ros2BestPractice/src/object_avoidance/install/object_avoidance/share/ament_index/resource_index/package_run_dependencies/object_avoidance
[4.144s] -- Up-to-date: /home/magnum/ros2_best_practice/src/Ros2BestPractice/src/object_avoidance/install/object_avoidance/share/ament_index/resource_index/parent_prefix_path/object_avoidance
[4.144s] -- Up-to-date: /home/magnum/ros2_best_practice/src/Ros2BestPractice/src/object_avoidance/install/object_avoidance/share/object_avoidance/environment/ament_prefix_path.sh
[4.144s] -- Up-to-date: /home/magnum/ros2_best_practice/src/Ros2BestPractice/src/object_avoidance/install/object_avoidance/share/object_avoidance/environment/ament_prefix_path.dsv
[4.144s] -- Up-to-date: /home/magnum/ros2_best_practice/src/Ros2BestPractice/src/object_avoidance/install/object_avoidance/share/object_avoidance/environment/path.sh
[4.144s] -- Up-to-date: /home/magnum/ros2_best_practice/src/Ros2BestPractice/src/object_avoidance/install/object_avoidance/share/object_avoidance/environment/path.dsv
[4.144s] -- Up-to-date: /home/magnum/ros2_best_practice/src/Ros2BestPractice/src/object_avoidance/install/object_avoidance/share/object_avoidance/local_setup.bash
[4.145s] -- Up-to-date: /home/magnum/ros2_best_practice/src/Ros2BestPractice/src/object_avoidance/install/object_avoidance/share/object_avoidance/local_setup.sh
[4.145s] -- Up-to-date: /home/magnum/ros2_best_practice/src/Ros2BestPractice/src/object_avoidance/install/object_avoidance/share/object_avoidance/local_setup.zsh
[4.145s] -- Up-to-date: /home/magnum/ros2_best_practice/src/Ros2BestPractice/src/object_avoidance/install/object_avoidance/share/object_avoidance/local_setup.dsv
[4.145s] -- Installing: /home/magnum/ros2_best_practice/src/Ros2BestPractice/src/object_avoidance/install/object_avoidance/share/object_avoidance/package.dsv
[4.145s] -- Up-to-date: /home/magnum/ros2_best_practice/src/Ros2BestPractice/src/object_avoidance/install/object_avoidance/share/ament_index/resource_index/packages/object_avoidance
[4.145s] -- Up-to-date: /home/magnum/ros2_best_practice/src/Ros2BestPractice/src/object_avoidance/install/object_avoidance/share/object_avoidance/cmake/object_avoidanceConfig.cmake
[4.145s] -- Up-to-date: /home/magnum/ros2_best_practice/src/Ros2BestPractice/src/object_avoidance/install/object_avoidance/share/object_avoidance/cmake/object_avoidanceConfig-version.cmake
[4.145s] -- Up-to-date: /home/magnum/ros2_best_practice/src/Ros2BestPractice/src/object_avoidance/install/object_avoidance/share/object_avoidance/package.xml
[4.147s] Invoked command in '/home/magnum/ros2_best_practice/src/Ros2BestPractice/src/object_avoidance/build/object_avoidance' returned '0': CMAKE_PREFIX_PATH=${CMAKE_PREFIX_PATH}:/opt/ros/foxy /usr/bin/cmake --install /home/magnum/ros2_best_practice/src/Ros2BestPractice/src/object_avoidance/build/object_avoidance
